2025-07-27 10:29:42 [WARNING] 無法獲取伺服器時間
2025-07-27 10:34:58 [WARNING] 無法獲取伺服器時間
2025-07-27 10:40:13 [WARNING] 無法獲取伺服器時間
2025-07-27 10:45:28 [WARNING] 無法獲取伺服器時間
2025-07-27 10:50:43 [WARNING] 無法獲取伺服器時間
2025-07-27 10:55:58 [WARNING] 無法獲取伺服器時間
2025-07-27 11:01:13 [WARNING] 無法獲取伺服器時間
2025-07-27 11:06:28 [WARNING] 無法獲取伺服器時間
2025-07-27 11:11:43 [WARNING] 無法獲取伺服器時間
2025-07-27 11:16:58 [WARNING] 無法獲取伺服器時間
2025-07-27 11:22:13 [WARNING] 無法獲取伺服器時間
2025-07-27 11:27:28 [WARNING] 無法獲取伺服器時間
2025-07-27 11:32:43 [WARNING] 無法獲取伺服器時間
2025-07-27 11:37:58 [WARNING] 無法獲取伺服器時間
2025-07-27 11:43:13 [WARNING] 無法獲取伺服器時間
2025-07-27 11:48:28 [WARNING] 無法獲取伺服器時間
2025-07-27 11:53:43 [WARNING] 無法獲取伺服器時間
2025-07-27 11:58:58 [WARNING] 無法獲取伺服器時間
2025-07-27 12:04:13 [WARNING] 無法獲取伺服器時間
2025-07-27 12:09:28 [WARNING] 無法獲取伺服器時間
2025-07-27 12:14:43 [WARNING] 無法獲取伺服器時間
2025-07-27 12:19:58 [WARNING] 無法獲取伺服器時間
2025-07-27 12:25:13 [WARNING] 無法獲取伺服器時間
2025-07-27 12:30:28 [WARNING] 無法獲取伺服器時間
2025-07-27 12:35:43 [WARNING] 無法獲取伺服器時間
2025-07-27 12:40:58 [WARNING] 無法獲取伺服器時間
2025-07-27 12:46:13 [WARNING] 無法獲取伺服器時間
2025-07-27 12:51:28 [WARNING] 無法獲取伺服器時間
2025-07-27 12:56:43 [WARNING] 無法獲取伺服器時間
2025-07-27 13:01:58 [WARNING] 無法獲取伺服器時間
2025-07-27 13:07:13 [WARNING] 無法獲取伺服器時間
2025-07-27 13:12:28 [WARNING] 無法獲取伺服器時間
2025-07-27 13:17:43 [WARNING] 無法獲取伺服器時間
2025-07-27 13:22:58 [WARNING] 無法獲取伺服器時間
2025-07-27 13:28:13 [WARNING] 無法獲取伺服器時間
2025-07-27 13:33:28 [WARNING] 無法獲取伺服器時間
2025-07-27 13:38:43 [WARNING] 無法獲取伺服器時間
2025-07-27 13:43:58 [WARNING] 無法獲取伺服器時間
2025-07-27 13:49:13 [WARNING] 無法獲取伺服器時間
2025-07-27 13:54:28 [WARNING] 無法獲取伺服器時間
2025-07-27 13:59:43 [WARNING] 無法獲取伺服器時間
2025-07-27 14:04:58 [WARNING] 無法獲取伺服器時間
2025-07-27 14:10:13 [WARNING] 無法獲取伺服器時間
2025-07-27 14:15:28 [WARNING] 無法獲取伺服器時間
2025-07-27 14:20:43 [WARNING] 無法獲取伺服器時間
2025-07-27 14:25:58 [WARNING] 無法獲取伺服器時間
2025-07-27 14:31:13 [WARNING] 無法獲取伺服器時間
2025-07-27 14:36:28 [WARNING] 無法獲取伺服器時間
2025-07-27 14:41:43 [WARNING] 無法獲取伺服器時間
2025-07-27 14:46:58 [WARNING] 無法獲取伺服器時間
2025-07-27 14:52:13 [WARNING] 無法獲取伺服器時間
2025-07-27 14:57:28 [WARNING] 無法獲取伺服器時間
2025-07-27 15:02:43 [WARNING] 無法獲取伺服器時間
2025-07-27 15:07:58 [WARNING] 無法獲取伺服器時間
2025-07-27 15:13:13 [WARNING] 無法獲取伺服器時間
2025-07-27 15:18:28 [WARNING] 無法獲取伺服器時間
2025-07-27 15:23:43 [WARNING] 無法獲取伺服器時間
2025-07-27 15:28:58 [WARNING] 無法獲取伺服器時間
2025-07-27 15:34:13 [WARNING] 無法獲取伺服器時間
2025-07-27 15:39:28 [WARNING] 無法獲取伺服器時間
2025-07-27 15:44:43 [WARNING] 無法獲取伺服器時間
2025-07-27 15:49:58 [WARNING] 無法獲取伺服器時間
2025-07-27 15:55:13 [WARNING] 無法獲取伺服器時間
2025-07-27 16:00:28 [WARNING] 無法獲取伺服器時間
2025-07-27 16:05:43 [WARNING] 無法獲取伺服器時間
2025-07-27 16:10:58 [WARNING] 無法獲取伺服器時間
2025-07-27 16:16:13 [WARNING] 無法獲取伺服器時間
2025-07-27 16:21:28 [WARNING] 無法獲取伺服器時間
2025-07-27 16:26:43 [WARNING] 無法獲取伺服器時間
2025-07-27 16:31:58 [WARNING] 無法獲取伺服器時間
2025-07-27 16:37:13 [WARNING] 無法獲取伺服器時間
2025-07-27 16:42:28 [WARNING] 無法獲取伺服器時間
2025-07-27 16:47:43 [WARNING] 無法獲取伺服器時間
2025-07-27 16:52:58 [WARNING] 無法獲取伺服器時間
2025-07-27 16:58:13 [WARNING] 無法獲取伺服器時間
2025-07-27 17:03:28 [WARNING] 無法獲取伺服器時間
2025-07-27 17:08:43 [WARNING] 無法獲取伺服器時間
2025-07-27 17:13:58 [WARNING] 無法獲取伺服器時間
2025-07-27 17:19:13 [WARNING] 無法獲取伺服器時間
2025-07-27 17:24:28 [WARNING] 無法獲取伺服器時間
2025-07-27 17:29:43 [WARNING] 無法獲取伺服器時間
2025-07-27 17:34:58 [WARNING] 無法獲取伺服器時間
2025-07-27 17:40:13 [WARNING] 無法獲取伺服器時間
2025-07-27 17:45:28 [WARNING] 無法獲取伺服器時間
2025-07-27 17:50:43 [WARNING] 無法獲取伺服器時間
2025-07-27 17:55:58 [WARNING] 無法獲取伺服器時間
2025-07-27 18:01:13 [WARNING] 無法獲取伺服器時間
2025-07-27 18:06:28 [WARNING] 無法獲取伺服器時間
2025-07-27 18:11:43 [WARNING] 無法獲取伺服器時間
2025-07-27 18:16:58 [WARNING] 無法獲取伺服器時間
2025-07-27 18:22:13 [WARNING] 無法獲取伺服器時間
2025-07-27 18:27:28 [WARNING] 無法獲取伺服器時間
2025-07-27 18:32:43 [WARNING] 無法獲取伺服器時間
2025-07-27 18:37:58 [WARNING] 無法獲取伺服器時間
2025-07-27 18:43:13 [WARNING] 無法獲取伺服器時間
2025-07-27 18:48:28 [WARNING] 無法獲取伺服器時間
2025-07-27 18:53:43 [WARNING] 無法獲取伺服器時間
2025-07-27 18:58:58 [WARNING] 無法獲取伺服器時間
2025-07-27 19:04:13 [WARNING] 無法獲取伺服器時間
2025-07-27 19:09:28 [WARNING] 無法獲取伺服器時間
2025-07-27 19:14:43 [WARNING] 無法獲取伺服器時間
2025-07-27 19:19:58 [WARNING] 無法獲取伺服器時間
2025-07-27 19:25:13 [WARNING] 無法獲取伺服器時間
2025-07-27 19:30:28 [WARNING] 無法獲取伺服器時間
2025-07-27 19:35:43 [WARNING] 無法獲取伺服器時間
2025-07-27 19:40:58 [WARNING] 無法獲取伺服器時間
2025-07-27 19:46:13 [WARNING] 無法獲取伺服器時間
2025-07-27 19:51:28 [WARNING] 無法獲取伺服器時間
2025-07-27 19:56:43 [WARNING] 無法獲取伺服器時間
2025-07-27 20:01:58 [WARNING] 無法獲取伺服器時間
2025-07-27 20:07:13 [WARNING] 無法獲取伺服器時間
2025-07-27 20:12:28 [WARNING] 無法獲取伺服器時間
2025-07-27 20:17:43 [WARNING] 無法獲取伺服器時間
2025-07-27 20:22:58 [WARNING] 無法獲取伺服器時間
2025-07-27 20:28:13 [WARNING] 無法獲取伺服器時間
2025-07-27 20:33:28 [WARNING] 無法獲取伺服器時間
2025-07-27 20:38:43 [WARNING] 無法獲取伺服器時間
2025-07-27 20:43:58 [WARNING] 無法獲取伺服器時間
2025-07-27 20:49:14 [WARNING] 無法獲取伺服器時間
2025-07-27 20:54:29 [WARNING] 無法獲取伺服器時間
2025-07-27 20:59:44 [WARNING] 無法獲取伺服器時間
2025-07-27 21:04:59 [WARNING] 無法獲取伺服器時間
2025-07-27 21:10:14 [WARNING] 無法獲取伺服器時間
2025-07-27 21:15:29 [WARNING] 無法獲取伺服器時間
2025-07-27 21:20:44 [WARNING] 無法獲取伺服器時間
2025-07-27 21:25:59 [WARNING] 無法獲取伺服器時間
2025-07-27 21:31:14 [WARNING] 無法獲取伺服器時間
2025-07-27 21:36:29 [WARNING] 無法獲取伺服器時間
2025-07-27 21:41:44 [WARNING] 無法獲取伺服器時間
2025-07-27 21:46:59 [WARNING] 無法獲取伺服器時間
2025-07-27 21:52:14 [WARNING] 無法獲取伺服器時間
2025-07-27 21:57:29 [WARNING] 無法獲取伺服器時間
2025-07-27 22:02:44 [WARNING] 無法獲取伺服器時間
2025-07-27 22:07:59 [WARNING] 無法獲取伺服器時間
2025-07-27 22:13:14 [WARNING] 無法獲取伺服器時間
2025-07-27 22:18:29 [WARNING] 無法獲取伺服器時間
2025-07-27 22:23:44 [WARNING] 無法獲取伺服器時間
2025-07-27 22:28:59 [WARNING] 無法獲取伺服器時間
2025-07-27 22:34:14 [WARNING] 無法獲取伺服器時間
2025-07-27 22:39:29 [WARNING] 無法獲取伺服器時間
2025-07-27 22:44:44 [WARNING] 無法獲取伺服器時間
2025-07-27 22:49:59 [WARNING] 無法獲取伺服器時間
2025-07-27 22:55:14 [WARNING] 無法獲取伺服器時間
2025-07-27 23:00:29 [WARNING] 無法獲取伺服器時間
2025-07-27 23:05:44 [WARNING] 無法獲取伺服器時間
2025-07-27 23:10:59 [WARNING] 無法獲取伺服器時間
2025-07-27 23:16:14 [WARNING] 無法獲取伺服器時間
2025-07-27 23:21:29 [WARNING] 無法獲取伺服器時間
2025-07-27 23:26:44 [WARNING] 無法獲取伺服器時間
2025-07-27 23:31:59 [WARNING] 無法獲取伺服器時間
2025-07-27 23:37:14 [WARNING] 無法獲取伺服器時間
2025-07-27 23:42:29 [WARNING] 無法獲取伺服器時間
2025-07-27 23:47:44 [WARNING] 無法獲取伺服器時間
2025-07-27 23:52:59 [WARNING] 無法獲取伺服器時間
2025-07-27 23:58:14 [WARNING] 無法獲取伺服器時間
2025-07-28 00:03:29 [WARNING] 無法獲取伺服器時間
2025-07-28 00:08:44 [WARNING] 無法獲取伺服器時間
2025-07-28 00:13:59 [WARNING] 無法獲取伺服器時間
2025-07-28 00:19:14 [WARNING] 無法獲取伺服器時間
2025-07-28 00:24:29 [WARNING] 無法獲取伺服器時間
2025-07-28 00:29:44 [WARNING] 無法獲取伺服器時間
2025-07-28 00:34:59 [WARNING] 無法獲取伺服器時間
2025-07-28 00:40:14 [WARNING] 無法獲取伺服器時間
2025-07-28 00:45:29 [WARNING] 無法獲取伺服器時間
2025-07-28 00:50:44 [WARNING] 無法獲取伺服器時間
2025-07-28 00:55:59 [WARNING] 無法獲取伺服器時間
2025-07-28 01:01:14 [WARNING] 無法獲取伺服器時間
2025-07-28 01:06:29 [WARNING] 無法獲取伺服器時間
2025-07-28 01:11:44 [WARNING] 無法獲取伺服器時間
2025-07-28 01:16:59 [WARNING] 無法獲取伺服器時間
2025-07-28 01:22:14 [WARNING] 無法獲取伺服器時間
2025-07-28 01:27:29 [WARNING] 無法獲取伺服器時間
2025-07-28 01:32:44 [WARNING] 無法獲取伺服器時間
2025-07-28 01:37:59 [WARNING] 無法獲取伺服器時間
2025-07-28 01:43:14 [WARNING] 無法獲取伺服器時間
2025-07-28 01:48:29 [WARNING] 無法獲取伺服器時間
2025-07-28 01:53:44 [WARNING] 無法獲取伺服器時間
2025-07-28 01:58:59 [WARNING] 無法獲取伺服器時間
2025-07-28 01:59:12 [INFO] 收到終止信號，正在斷線...
2025-07-28 01:59:13 [INFO] 日誌系統已初始化，檔案將每兩天輪換一次
2025-07-28 01:59:13 [INFO] SPY 選擇權監控系統啟動
2025-07-28 01:59:13 [INFO] 讀取 2 檔合約 → 連線 127.0.0.1:4002
2025-07-28 01:59:18 [ERROR] 握手逾時，請確認 TWS/Gateway
2025-07-28 02:01:55 [INFO] 日誌系統已初始化，檔案將每兩天輪換一次
2025-07-28 02:01:55 [INFO] SPY 選擇權監控系統啟動
2025-07-28 02:01:55 [INFO] 讀取 2 檔合約 → 連線 127.0.0.1:7496
2025-07-28 02:02:00 [ERROR] 握手逾時，請確認 TWS/Gateway
2025-07-28 02:02:38 [INFO] 日誌系統已初始化，檔案將每兩天輪換一次
2025-07-28 02:02:38 [INFO] SPY 選擇權監控系統啟動
2025-07-28 02:02:38 [INFO] 讀取 2 檔合約 → 連線 127.0.0.1:4002
2025-07-28 02:02:38 [INFO] 獲取首次快照資料 ...
2025-07-28 02:02:43 [INFO] 市場尚未開盤，預計開盤時間: 2025-07-28 09:30:00 EDT
2025-07-28 02:02:43 [INFO] 將在 5.0 分鐘後重新檢查 ...
2025-07-28 02:07:48 [INFO] 市場尚未開盤，預計開盤時間: 2025-07-28 09:30:00 EDT
2025-07-28 02:07:48 [INFO] 將在 5.0 分鐘後重新檢查 ...
2025-07-28 02:12:53 [INFO] 市場尚未開盤，預計開盤時間: 2025-07-28 09:30:00 EDT
2025-07-28 02:12:53 [INFO] 將在 5.0 分鐘後重新檢查 ...
2025-07-28 02:17:59 [INFO] 市場尚未開盤，預計開盤時間: 2025-07-28 09:30:00 EDT
2025-07-28 02:17:59 [INFO] 將在 5.0 分鐘後重新檢查 ...
2025-07-28 02:23:04 [INFO] 市場尚未開盤，預計開盤時間: 2025-07-28 09:30:00 EDT
2025-07-28 02:23:04 [INFO] 將在 5.0 分鐘後重新檢查 ...
2025-07-28 02:28:09 [INFO] 市場尚未開盤，預計開盤時間: 2025-07-28 09:30:00 EDT
2025-07-28 02:28:09 [INFO] 將在 5.0 分鐘後重新檢查 ...
2025-07-28 02:33:14 [INFO] 市場尚未開盤，預計開盤時間: 2025-07-28 09:30:00 EDT
2025-07-28 02:33:14 [INFO] 將在 5.0 分鐘後重新檢查 ...
2025-07-28 02:38:19 [INFO] 市場尚未開盤，預計開盤時間: 2025-07-28 09:30:00 EDT
2025-07-28 02:38:19 [INFO] 將在 5.0 分鐘後重新檢查 ...
2025-07-28 02:43:25 [INFO] 市場尚未開盤，預計開盤時間: 2025-07-28 09:30:00 EDT
2025-07-28 02:43:25 [INFO] 將在 5.0 分鐘後重新檢查 ...
2025-07-28 02:48:30 [INFO] 市場尚未開盤，預計開盤時間: 2025-07-28 09:30:00 EDT
2025-07-28 02:48:30 [INFO] 將在 5.0 分鐘後重新檢查 ...
2025-07-28 02:53:35 [INFO] 市場尚未開盤，預計開盤時間: 2025-07-28 09:30:00 EDT
2025-07-28 02:53:35 [INFO] 將在 5.0 分鐘後重新檢查 ...
2025-07-28 02:58:40 [INFO] 市場尚未開盤，預計開盤時間: 2025-07-28 09:30:00 EDT
2025-07-28 02:58:40 [INFO] 將在 5.0 分鐘後重新檢查 ...
2025-07-28 03:03:46 [INFO] 市場尚未開盤，預計開盤時間: 2025-07-28 09:30:00 EDT
2025-07-28 03:03:46 [INFO] 將在 5.0 分鐘後重新檢查 ...
2025-07-28 03:08:51 [INFO] 市場尚未開盤，預計開盤時間: 2025-07-28 09:30:00 EDT
2025-07-28 03:08:51 [INFO] 將在 5.0 分鐘後重新檢查 ...
2025-07-28 03:13:56 [INFO] 市場尚未開盤，預計開盤時間: 2025-07-28 09:30:00 EDT
2025-07-28 03:13:56 [INFO] 將在 5.0 分鐘後重新檢查 ...
2025-07-28 03:19:01 [INFO] 市場尚未開盤，預計開盤時間: 2025-07-28 09:30:00 EDT
2025-07-28 03:19:01 [INFO] 將在 5.0 分鐘後重新檢查 ...
2025-07-28 03:24:06 [INFO] 市場尚未開盤，預計開盤時間: 2025-07-28 09:30:00 EDT
2025-07-28 03:24:06 [INFO] 將在 5.0 分鐘後重新檢查 ...
2025-07-28 03:29:12 [INFO] 市場尚未開盤，預計開盤時間: 2025-07-28 09:30:00 EDT
2025-07-28 03:29:12 [INFO] 將在 5.0 分鐘後重新檢查 ...
2025-07-28 03:34:17 [INFO] 市場尚未開盤，預計開盤時間: 2025-07-28 09:30:00 EDT
2025-07-28 03:34:17 [INFO] 將在 5.0 分鐘後重新檢查 ...
2025-07-28 03:39:22 [INFO] 市場尚未開盤，預計開盤時間: 2025-07-28 09:30:00 EDT
2025-07-28 03:39:22 [INFO] 將在 5.0 分鐘後重新檢查 ...
2025-07-28 03:44:27 [INFO] 市場尚未開盤，預計開盤時間: 2025-07-28 09:30:00 EDT
2025-07-28 03:44:27 [INFO] 將在 5.0 分鐘後重新檢查 ...
2025-07-28 03:49:32 [INFO] 市場尚未開盤，預計開盤時間: 2025-07-28 09:30:00 EDT
2025-07-28 03:49:32 [INFO] 將在 5.0 分鐘後重新檢查 ...
2025-07-28 03:54:38 [INFO] 市場尚未開盤，預計開盤時間: 2025-07-28 09:30:00 EDT
2025-07-28 03:54:38 [INFO] 將在 5.0 分鐘後重新檢查 ...
2025-07-28 03:59:43 [INFO] 市場尚未開盤，預計開盤時間: 2025-07-28 09:30:00 EDT
2025-07-28 03:59:43 [INFO] 將在 5.0 分鐘後重新檢查 ...
2025-07-28 04:04:48 [INFO] 市場尚未開盤，預計開盤時間: 2025-07-28 09:30:00 EDT
2025-07-28 04:04:48 [INFO] 將在 5.0 分鐘後重新檢查 ...
2025-07-28 04:09:53 [INFO] 市場尚未開盤，預計開盤時間: 2025-07-28 09:30:00 EDT
2025-07-28 04:09:53 [INFO] 將在 5.0 分鐘後重新檢查 ...
2025-07-28 04:14:58 [INFO] 市場尚未開盤，預計開盤時間: 2025-07-28 09:30:00 EDT
2025-07-28 04:14:58 [INFO] 將在 5.0 分鐘後重新檢查 ...
2025-07-28 04:20:04 [INFO] 市場尚未開盤，預計開盤時間: 2025-07-28 09:30:00 EDT
2025-07-28 04:20:04 [INFO] 將在 5.0 分鐘後重新檢查 ...
2025-07-28 04:25:09 [INFO] 市場尚未開盤，預計開盤時間: 2025-07-28 09:30:00 EDT
2025-07-28 04:25:09 [INFO] 將在 5.0 分鐘後重新檢查 ...
2025-07-28 04:30:14 [INFO] 市場尚未開盤，預計開盤時間: 2025-07-28 09:30:00 EDT
2025-07-28 04:30:14 [INFO] 將在 5.0 分鐘後重新檢查 ...
2025-07-28 04:35:19 [INFO] 市場尚未開盤，預計開盤時間: 2025-07-28 09:30:00 EDT
2025-07-28 04:35:19 [INFO] 將在 5.0 分鐘後重新檢查 ...
2025-07-28 04:40:24 [INFO] 市場尚未開盤，預計開盤時間: 2025-07-28 09:30:00 EDT
2025-07-28 04:40:24 [INFO] 將在 5.0 分鐘後重新檢查 ...
2025-07-28 04:45:30 [INFO] 市場尚未開盤，預計開盤時間: 2025-07-28 09:30:00 EDT
2025-07-28 04:45:30 [INFO] 將在 5.0 分鐘後重新檢查 ...
2025-07-28 04:50:35 [INFO] 市場尚未開盤，預計開盤時間: 2025-07-28 09:30:00 EDT
2025-07-28 04:50:35 [INFO] 將在 5.0 分鐘後重新檢查 ...
2025-07-28 04:55:40 [INFO] 市場尚未開盤，預計開盤時間: 2025-07-28 09:30:00 EDT
2025-07-28 04:55:40 [INFO] 將在 5.0 分鐘後重新檢查 ...
2025-07-28 05:00:45 [INFO] 市場尚未開盤，預計開盤時間: 2025-07-28 09:30:00 EDT
2025-07-28 05:00:45 [INFO] 將在 5.0 分鐘後重新檢查 ...
2025-07-28 05:05:51 [INFO] 市場尚未開盤，預計開盤時間: 2025-07-28 09:30:00 EDT
2025-07-28 05:05:51 [INFO] 將在 5.0 分鐘後重新檢查 ...
2025-07-28 05:10:56 [INFO] 市場尚未開盤，預計開盤時間: 2025-07-28 09:30:00 EDT
2025-07-28 05:10:56 [INFO] 將在 5.0 分鐘後重新檢查 ...
2025-07-28 05:16:01 [INFO] 市場尚未開盤，預計開盤時間: 2025-07-28 09:30:00 EDT
2025-07-28 05:16:01 [INFO] 將在 5.0 分鐘後重新檢查 ...
2025-07-28 05:21:06 [INFO] 市場尚未開盤，預計開盤時間: 2025-07-28 09:30:00 EDT
2025-07-28 05:21:06 [INFO] 將在 5.0 分鐘後重新檢查 ...
2025-07-28 05:26:11 [INFO] 市場尚未開盤，預計開盤時間: 2025-07-28 09:30:00 EDT
2025-07-28 05:26:11 [INFO] 將在 5.0 分鐘後重新檢查 ...
2025-07-28 05:31:17 [INFO] 市場尚未開盤，預計開盤時間: 2025-07-28 09:30:00 EDT
2025-07-28 05:31:17 [INFO] 將在 5.0 分鐘後重新檢查 ...
2025-07-28 05:36:22 [INFO] 市場尚未開盤，預計開盤時間: 2025-07-28 09:30:00 EDT
2025-07-28 05:36:22 [INFO] 將在 5.0 分鐘後重新檢查 ...
2025-07-28 05:41:27 [INFO] 市場尚未開盤，預計開盤時間: 2025-07-28 09:30:00 EDT
2025-07-28 05:41:27 [INFO] 將在 5.0 分鐘後重新檢查 ...
2025-07-28 05:46:32 [INFO] 市場尚未開盤，預計開盤時間: 2025-07-28 09:30:00 EDT
2025-07-28 05:46:32 [INFO] 將在 5.0 分鐘後重新檢查 ...
2025-07-28 05:51:37 [INFO] 市場尚未開盤，預計開盤時間: 2025-07-28 09:30:00 EDT
2025-07-28 05:51:37 [INFO] 將在 5.0 分鐘後重新檢查 ...
2025-07-28 05:56:43 [INFO] 市場尚未開盤，預計開盤時間: 2025-07-28 09:30:00 EDT
2025-07-28 05:56:43 [INFO] 將在 5.0 分鐘後重新檢查 ...
2025-07-28 06:01:48 [INFO] 市場尚未開盤，預計開盤時間: 2025-07-28 09:30:00 EDT
2025-07-28 06:01:48 [INFO] 將在 5.0 分鐘後重新檢查 ...
2025-07-28 06:06:53 [INFO] 市場尚未開盤，預計開盤時間: 2025-07-28 09:30:00 EDT
2025-07-28 06:06:53 [INFO] 將在 5.0 分鐘後重新檢查 ...
2025-07-28 06:11:58 [INFO] 市場尚未開盤，預計開盤時間: 2025-07-28 09:30:00 EDT
2025-07-28 06:11:58 [INFO] 將在 5.0 分鐘後重新檢查 ...
2025-07-28 06:17:03 [INFO] 市場尚未開盤，預計開盤時間: 2025-07-28 09:30:00 EDT
2025-07-28 06:17:03 [INFO] 將在 5.0 分鐘後重新檢查 ...
2025-07-28 06:22:09 [INFO] 市場尚未開盤，預計開盤時間: 2025-07-28 09:30:00 EDT
2025-07-28 06:22:09 [INFO] 將在 5.0 分鐘後重新檢查 ...
2025-07-28 06:27:14 [INFO] 市場尚未開盤，預計開盤時間: 2025-07-28 09:30:00 EDT
2025-07-28 06:27:14 [INFO] 將在 5.0 分鐘後重新檢查 ...
2025-07-28 06:32:19 [INFO] 市場尚未開盤，預計開盤時間: 2025-07-28 09:30:00 EDT
2025-07-28 06:32:19 [INFO] 將在 5.0 分鐘後重新檢查 ...
2025-07-28 06:37:24 [INFO] 市場尚未開盤，預計開盤時間: 2025-07-28 09:30:00 EDT
2025-07-28 06:37:24 [INFO] 將在 5.0 分鐘後重新檢查 ...
2025-07-28 06:42:29 [INFO] 市場尚未開盤，預計開盤時間: 2025-07-28 09:30:00 EDT
2025-07-28 06:42:29 [INFO] 將在 5.0 分鐘後重新檢查 ...
2025-07-28 06:47:35 [INFO] 市場尚未開盤，預計開盤時間: 2025-07-28 09:30:00 EDT
2025-07-28 06:47:35 [INFO] 將在 5.0 分鐘後重新檢查 ...
2025-07-28 06:52:40 [INFO] 市場尚未開盤，預計開盤時間: 2025-07-28 09:30:00 EDT
2025-07-28 06:52:40 [INFO] 將在 5.0 分鐘後重新檢查 ...
2025-07-28 06:57:45 [INFO] 市場尚未開盤，預計開盤時間: 2025-07-28 09:30:00 EDT
2025-07-28 06:57:45 [INFO] 將在 5.0 分鐘後重新檢查 ...
2025-07-28 07:02:50 [INFO] 市場尚未開盤，預計開盤時間: 2025-07-28 09:30:00 EDT
2025-07-28 07:02:50 [INFO] 將在 5.0 分鐘後重新檢查 ...
2025-07-28 07:07:55 [INFO] 市場尚未開盤，預計開盤時間: 2025-07-28 09:30:00 EDT
2025-07-28 07:07:55 [INFO] 將在 5.0 分鐘後重新檢查 ...
2025-07-28 07:13:01 [INFO] 市場尚未開盤，預計開盤時間: 2025-07-28 09:30:00 EDT
2025-07-28 07:13:01 [INFO] 將在 5.0 分鐘後重新檢查 ...
2025-07-28 07:18:06 [INFO] 市場尚未開盤，預計開盤時間: 2025-07-28 09:30:00 EDT
2025-07-28 07:18:06 [INFO] 將在 5.0 分鐘後重新檢查 ...
2025-07-28 07:23:11 [INFO] 市場尚未開盤，預計開盤時間: 2025-07-28 09:30:00 EDT
2025-07-28 07:23:11 [INFO] 將在 5.0 分鐘後重新檢查 ...
2025-07-28 07:28:16 [INFO] 市場尚未開盤，預計開盤時間: 2025-07-28 09:30:00 EDT
2025-07-28 07:28:16 [INFO] 將在 5.0 分鐘後重新檢查 ...
2025-07-28 07:33:21 [INFO] 市場尚未開盤，預計開盤時間: 2025-07-28 09:30:00 EDT
2025-07-28 07:33:21 [INFO] 將在 5.0 分鐘後重新檢查 ...
2025-07-28 07:38:27 [INFO] 市場尚未開盤，預計開盤時間: 2025-07-28 09:30:00 EDT
2025-07-28 07:38:27 [INFO] 將在 5.0 分鐘後重新檢查 ...
2025-07-28 07:43:32 [INFO] 市場尚未開盤，預計開盤時間: 2025-07-28 09:30:00 EDT
2025-07-28 07:43:32 [INFO] 將在 5.0 分鐘後重新檢查 ...
2025-07-28 07:48:37 [INFO] 市場尚未開盤，預計開盤時間: 2025-07-28 09:30:00 EDT
2025-07-28 07:48:37 [INFO] 將在 5.0 分鐘後重新檢查 ...
2025-07-28 07:53:42 [INFO] 市場尚未開盤，預計開盤時間: 2025-07-28 09:30:00 EDT
2025-07-28 07:53:42 [INFO] 將在 5.0 分鐘後重新檢查 ...
2025-07-28 07:58:48 [INFO] 市場尚未開盤，預計開盤時間: 2025-07-28 09:30:00 EDT
2025-07-28 07:58:48 [INFO] 將在 5.0 分鐘後重新檢查 ...
2025-07-28 08:03:53 [INFO] 市場尚未開盤，預計開盤時間: 2025-07-28 09:30:00 EDT
2025-07-28 08:03:53 [INFO] 將在 5.0 分鐘後重新檢查 ...
2025-07-28 08:08:58 [INFO] 市場尚未開盤，預計開盤時間: 2025-07-28 09:30:00 EDT
2025-07-28 08:08:58 [INFO] 將在 5.0 分鐘後重新檢查 ...
2025-07-28 08:14:03 [INFO] 市場尚未開盤，預計開盤時間: 2025-07-28 09:30:00 EDT
2025-07-28 08:14:03 [INFO] 將在 5.0 分鐘後重新檢查 ...
2025-07-28 08:19:08 [INFO] 市場尚未開盤，預計開盤時間: 2025-07-28 09:30:00 EDT
2025-07-28 08:19:08 [INFO] 將在 5.0 分鐘後重新檢查 ...
2025-07-28 08:24:14 [INFO] 市場尚未開盤，預計開盤時間: 2025-07-28 09:30:00 EDT
2025-07-28 08:24:14 [INFO] 將在 5.0 分鐘後重新檢查 ...
2025-07-28 08:29:19 [INFO] 市場尚未開盤，預計開盤時間: 2025-07-28 09:30:00 EDT
2025-07-28 08:29:19 [INFO] 將在 5.0 分鐘後重新檢查 ...
2025-07-28 08:34:24 [INFO] 市場尚未開盤，預計開盤時間: 2025-07-28 09:30:00 EDT
2025-07-28 08:34:24 [INFO] 將在 5.0 分鐘後重新檢查 ...
2025-07-28 08:39:29 [INFO] 市場尚未開盤，預計開盤時間: 2025-07-28 09:30:00 EDT
2025-07-28 08:39:29 [INFO] 將在 5.0 分鐘後重新檢查 ...
2025-07-28 08:44:34 [INFO] 市場尚未開盤，預計開盤時間: 2025-07-28 09:30:00 EDT
2025-07-28 08:44:34 [INFO] 將在 5.0 分鐘後重新檢查 ...
2025-07-28 08:49:40 [INFO] 市場尚未開盤，預計開盤時間: 2025-07-28 09:30:00 EDT
2025-07-28 08:49:40 [INFO] 將在 5.0 分鐘後重新檢查 ...
2025-07-28 08:54:45 [INFO] 市場尚未開盤，預計開盤時間: 2025-07-28 09:30:00 EDT
2025-07-28 08:54:45 [INFO] 將在 5.0 分鐘後重新檢查 ...
2025-07-28 08:59:50 [INFO] 市場尚未開盤，預計開盤時間: 2025-07-28 09:30:00 EDT
2025-07-28 08:59:50 [INFO] 將在 5.0 分鐘後重新檢查 ...
2025-07-28 09:04:55 [INFO] 市場尚未開盤，預計開盤時間: 2025-07-28 09:30:00 EDT
2025-07-28 09:04:55 [INFO] 將在 5.0 分鐘後重新檢查 ...
2025-07-28 09:10:00 [INFO] 市場尚未開盤，預計開盤時間: 2025-07-28 09:30:00 EDT
2025-07-28 09:10:00 [INFO] 將在 5.0 分鐘後重新檢查 ...
2025-07-28 09:15:06 [INFO] 市場尚未開盤，預計開盤時間: 2025-07-28 09:30:00 EDT
2025-07-28 09:15:06 [INFO] 將在 5.0 分鐘後重新檢查 ...
2025-07-28 09:20:11 [INFO] 市場尚未開盤，預計開盤時間: 2025-07-28 09:30:00 EDT
2025-07-28 09:20:11 [INFO] 將在 5.0 分鐘後重新檢查 ...
2025-07-28 09:25:16 [INFO] 市場尚未開盤，預計開盤時間: 2025-07-28 09:30:00 EDT
2025-07-28 09:25:16 [INFO] 將在 5.0 分鐘後重新檢查 ...
2025-07-28 09:30:21 [INFO] 市場尚未開盤，預計開盤時間: 2025-07-28 09:30:00 EDT
2025-07-28 09:30:21 [INFO] 將在 5.0 分鐘後重新檢查 ...
2025-07-28 09:35:26 [INFO] 市場尚未開盤，預計開盤時間: 2025-07-28 09:30:00 EDT
2025-07-28 09:35:26 [INFO] 將在 5.0 分鐘後重新檢查 ...
2025-07-28 09:40:32 [INFO] 市場尚未開盤，預計開盤時間: 2025-07-28 09:30:00 EDT
2025-07-28 09:40:32 [INFO] 將在 5.0 分鐘後重新檢查 ...
2025-07-28 09:45:37 [INFO] 市場尚未開盤，預計開盤時間: 2025-07-28 09:30:00 EDT
2025-07-28 09:45:37 [INFO] 將在 5.0 分鐘後重新檢查 ...
2025-07-28 09:50:42 [INFO] 市場尚未開盤，預計開盤時間: 2025-07-28 09:30:00 EDT
2025-07-28 09:50:42 [INFO] 將在 5.0 分鐘後重新檢查 ...
2025-07-28 09:55:47 [INFO] 市場尚未開盤，預計開盤時間: 2025-07-28 09:30:00 EDT
2025-07-28 09:55:47 [INFO] 將在 5.0 分鐘後重新檢查 ...
2025-07-28 10:00:52 [INFO] 市場尚未開盤，預計開盤時間: 2025-07-28 09:30:00 EDT
2025-07-28 10:00:52 [INFO] 將在 5.0 分鐘後重新檢查 ...
2025-07-28 10:05:58 [INFO] 市場尚未開盤，預計開盤時間: 2025-07-28 09:30:00 EDT
2025-07-28 10:05:58 [INFO] 將在 5.0 分鐘後重新檢查 ...
2025-07-28 10:11:03 [INFO] 市場尚未開盤，預計開盤時間: 2025-07-28 09:30:00 EDT
2025-07-28 10:11:03 [INFO] 將在 5.0 分鐘後重新檢查 ...
2025-07-28 10:16:08 [INFO] 市場尚未開盤，預計開盤時間: 2025-07-28 09:30:00 EDT
2025-07-28 10:16:08 [INFO] 將在 5.0 分鐘後重新檢查 ...
2025-07-28 10:21:13 [INFO] 市場尚未開盤，預計開盤時間: 2025-07-28 09:30:00 EDT
2025-07-28 10:21:13 [INFO] 將在 5.0 分鐘後重新檢查 ...
2025-07-28 10:26:19 [INFO] 市場尚未開盤，預計開盤時間: 2025-07-28 09:30:00 EDT
2025-07-28 10:26:19 [INFO] 將在 5.0 分鐘後重新檢查 ...
2025-07-28 10:31:24 [INFO] 市場尚未開盤，預計開盤時間: 2025-07-28 09:30:00 EDT
2025-07-28 10:31:24 [INFO] 將在 5.0 分鐘後重新檢查 ...
2025-07-28 10:36:29 [INFO] 市場尚未開盤，預計開盤時間: 2025-07-28 09:30:00 EDT
2025-07-28 10:36:29 [INFO] 將在 5.0 分鐘後重新檢查 ...
2025-07-28 10:41:34 [INFO] 市場尚未開盤，預計開盤時間: 2025-07-28 09:30:00 EDT
2025-07-28 10:41:34 [INFO] 將在 5.0 分鐘後重新檢查 ...
2025-07-28 10:46:39 [INFO] 市場尚未開盤，預計開盤時間: 2025-07-28 09:30:00 EDT
2025-07-28 10:46:39 [INFO] 將在 5.0 分鐘後重新檢查 ...
2025-07-28 10:51:45 [INFO] 市場尚未開盤，預計開盤時間: 2025-07-28 09:30:00 EDT
2025-07-28 10:51:45 [INFO] 將在 5.0 分鐘後重新檢查 ...
2025-07-28 10:56:50 [INFO] 市場尚未開盤，預計開盤時間: 2025-07-28 09:30:00 EDT
2025-07-28 10:56:50 [INFO] 將在 5.0 分鐘後重新檢查 ...
2025-07-28 11:01:55 [INFO] 市場尚未開盤，預計開盤時間: 2025-07-28 09:30:00 EDT
2025-07-28 11:01:55 [INFO] 將在 5.0 分鐘後重新檢查 ...
2025-07-28 11:07:00 [INFO] 市場尚未開盤，預計開盤時間: 2025-07-28 09:30:00 EDT
2025-07-28 11:07:00 [INFO] 將在 5.0 分鐘後重新檢查 ...
2025-07-28 11:12:05 [INFO] 市場尚未開盤，預計開盤時間: 2025-07-28 09:30:00 EDT
2025-07-28 11:12:05 [INFO] 將在 5.0 分鐘後重新檢查 ...
2025-07-28 11:17:11 [INFO] 市場尚未開盤，預計開盤時間: 2025-07-28 09:30:00 EDT
2025-07-28 11:17:11 [INFO] 將在 5.0 分鐘後重新檢查 ...
2025-07-28 11:22:16 [INFO] 市場尚未開盤，預計開盤時間: 2025-07-28 09:30:00 EDT
2025-07-28 11:22:16 [INFO] 將在 5.0 分鐘後重新檢查 ...
2025-07-28 11:27:21 [INFO] 市場尚未開盤，預計開盤時間: 2025-07-28 09:30:00 EDT
2025-07-28 11:27:21 [INFO] 將在 5.0 分鐘後重新檢查 ...
2025-07-28 11:32:26 [INFO] 市場尚未開盤，預計開盤時間: 2025-07-28 09:30:00 EDT
2025-07-28 11:32:26 [INFO] 將在 5.0 分鐘後重新檢查 ...
2025-07-28 11:37:31 [INFO] 市場尚未開盤，預計開盤時間: 2025-07-28 09:30:00 EDT
2025-07-28 11:37:31 [INFO] 將在 5.0 分鐘後重新檢查 ...
2025-07-28 11:42:37 [INFO] 市場尚未開盤，預計開盤時間: 2025-07-28 09:30:00 EDT
2025-07-28 11:42:37 [INFO] 將在 5.0 分鐘後重新檢查 ...
2025-07-28 11:47:42 [INFO] 市場尚未開盤，預計開盤時間: 2025-07-28 09:30:00 EDT
2025-07-28 11:47:42 [INFO] 將在 5.0 分鐘後重新檢查 ...
2025-07-28 11:52:47 [INFO] 市場尚未開盤，預計開盤時間: 2025-07-28 09:30:00 EDT
2025-07-28 11:52:47 [INFO] 將在 5.0 分鐘後重新檢查 ...
2025-07-28 11:57:52 [INFO] 市場尚未開盤，預計開盤時間: 2025-07-28 09:30:00 EDT
2025-07-28 11:57:52 [INFO] 將在 5.0 分鐘後重新檢查 ...
2025-07-28 12:02:57 [INFO] 市場尚未開盤，預計開盤時間: 2025-07-28 09:30:00 EDT
2025-07-28 12:02:57 [INFO] 將在 5.0 分鐘後重新檢查 ...
2025-07-28 12:08:03 [INFO] 市場尚未開盤，預計開盤時間: 2025-07-28 09:30:00 EDT
2025-07-28 12:08:03 [INFO] 將在 5.0 分鐘後重新檢查 ...
2025-07-28 12:13:08 [INFO] 市場尚未開盤，預計開盤時間: 2025-07-28 09:30:00 EDT
2025-07-28 12:13:08 [INFO] 將在 5.0 分鐘後重新檢查 ...
2025-07-28 12:18:13 [INFO] 市場尚未開盤，預計開盤時間: 2025-07-28 09:30:00 EDT
2025-07-28 12:18:13 [INFO] 將在 5.0 分鐘後重新檢查 ...
2025-07-28 12:23:18 [INFO] 市場尚未開盤，預計開盤時間: 2025-07-28 09:30:00 EDT
2025-07-28 12:23:18 [INFO] 將在 5.0 分鐘後重新檢查 ...
2025-07-28 12:28:23 [INFO] 市場尚未開盤，預計開盤時間: 2025-07-28 09:30:00 EDT
2025-07-28 12:28:23 [INFO] 將在 5.0 分鐘後重新檢查 ...
2025-07-28 12:33:29 [INFO] 市場尚未開盤，預計開盤時間: 2025-07-28 09:30:00 EDT
2025-07-28 12:33:29 [INFO] 將在 5.0 分鐘後重新檢查 ...
2025-07-28 12:38:34 [INFO] 市場尚未開盤，預計開盤時間: 2025-07-28 09:30:00 EDT
2025-07-28 12:38:34 [INFO] 將在 5.0 分鐘後重新檢查 ...
2025-07-28 12:43:39 [INFO] 市場尚未開盤，預計開盤時間: 2025-07-28 09:30:00 EDT
2025-07-28 12:43:39 [INFO] 將在 5.0 分鐘後重新檢查 ...
2025-07-28 12:48:44 [INFO] 市場尚未開盤，預計開盤時間: 2025-07-28 09:30:00 EDT
2025-07-28 12:48:44 [INFO] 將在 5.0 分鐘後重新檢查 ...
2025-07-28 12:53:49 [INFO] 市場尚未開盤，預計開盤時間: 2025-07-28 09:30:00 EDT
2025-07-28 12:53:49 [INFO] 將在 5.0 分鐘後重新檢查 ...
2025-07-28 12:58:55 [INFO] 市場尚未開盤，預計開盤時間: 2025-07-28 09:30:00 EDT
2025-07-28 12:58:55 [INFO] 將在 5.0 分鐘後重新檢查 ...
2025-07-28 13:04:00 [INFO] 市場尚未開盤，預計開盤時間: 2025-07-28 09:30:00 EDT
2025-07-28 13:04:00 [INFO] 將在 5.0 分鐘後重新檢查 ...
2025-07-28 13:09:05 [INFO] 市場尚未開盤，預計開盤時間: 2025-07-28 09:30:00 EDT
2025-07-28 13:09:05 [INFO] 將在 5.0 分鐘後重新檢查 ...
2025-07-28 13:14:10 [INFO] 市場尚未開盤，預計開盤時間: 2025-07-28 09:30:00 EDT
2025-07-28 13:14:10 [INFO] 將在 5.0 分鐘後重新檢查 ...
2025-07-28 13:19:16 [INFO] 市場尚未開盤，預計開盤時間: 2025-07-28 09:30:00 EDT
2025-07-28 13:19:16 [INFO] 將在 5.0 分鐘後重新檢查 ...
2025-07-28 13:24:21 [INFO] 市場尚未開盤，預計開盤時間: 2025-07-28 09:30:00 EDT
2025-07-28 13:24:21 [INFO] 將在 5.0 分鐘後重新檢查 ...
2025-07-28 13:29:26 [INFO] 市場即將開盤，30 秒後再次確認 ...
2025-07-28 13:30:01 [INFO] 市場尚未開盤，預計開盤時間: 2025-07-29 09:30:00 EDT
2025-07-28 13:30:01 [INFO] 將在 5.0 分鐘後重新檢查 ...
2025-07-28 13:35:01 [INFO] 市場已開盤 (正規時段)，開始監控
2025-07-28 13:35:01 [INFO] spy_put_aug29 premium = 4.26
2025-07-28 13:35:01 [INFO] spy_call_aug29 premium = 1.256
2025-07-28 13:35:01 [INFO] SPY 昨收 637.1
2025-07-28 13:35:12 [INFO] [13:35:12] 開始檢查合約狀態
2025-07-28 13:35:12 [INFO] SPY Px=637.53
2025-07-28 13:35:12 [WARNING] spy_put_aug29 收益=53.8% 已達目標
2025-07-28 13:35:12 [INFO] spy_put_aug29: Px=1.97 (+53.8%) Δ=0.115 (ΔΔ=-0.085) IV=0.1845 DTE=32
2025-07-28 13:35:12 [INFO] spy_call_aug29: Px=1.98 (-57.6%) Δ=0.174 (ΔΔ=+0.024) IV=0.1083 DTE=32
2025-07-28 13:35:12 [INFO] == 觸發警報 ==
2025-07-28 13:35:12 [INFO] 發送警報: 💰 2025-07-28
spy_put_aug29 收益=53.8% 已達目標 50.0% (SE...
2025-07-28 13:35:13 [INFO] 已發送 1 則新警報
2025-07-28 13:36:13 [INFO] [13:36:13] 開始檢查合約狀態
2025-07-28 13:36:13 [INFO] SPY Px=637.53
2025-07-28 13:36:13 [WARNING] spy_put_aug29 收益=53.8% 已達目標
2025-07-28 13:36:13 [INFO] spy_put_aug29: Px=1.97 (+53.8%) Δ=0.115 (ΔΔ=-0.085) IV=0.1845 DTE=32
2025-07-28 13:36:13 [INFO] spy_call_aug29: Px=1.98 (-57.6%) Δ=0.174 (ΔΔ=+0.024) IV=0.1083 DTE=32
2025-07-28 13:36:13 [INFO] == 觸發警報 ==
2025-07-28 13:36:13 [INFO] [重複警報，已忽略] 💰 2025-07-28
spy_put_aug29 收益=53.8% 已達目標 50.0% (SE...
2025-07-28 13:36:13 [INFO] 所有警報今日均已發送過
2025-07-28 13:37:13 [INFO] [13:37:13] 開始檢查合約狀態
2025-07-28 13:37:13 [INFO] SPY Px=637.53
2025-07-28 13:37:13 [WARNING] spy_put_aug29 收益=53.8% 已達目標
2025-07-28 13:37:13 [INFO] spy_put_aug29: Px=1.97 (+53.8%) Δ=0.115 (ΔΔ=-0.085) IV=0.1845 DTE=32
2025-07-28 13:37:13 [INFO] spy_call_aug29: Px=1.98 (-57.6%) Δ=0.174 (ΔΔ=+0.024) IV=0.1083 DTE=32
2025-07-28 13:37:13 [INFO] == 觸發警報 ==
2025-07-28 13:37:13 [INFO] [重複警報，已忽略] 💰 2025-07-28
spy_put_aug29 收益=53.8% 已達目標 50.0% (SE...
2025-07-28 13:37:13 [INFO] 所有警報今日均已發送過
2025-07-28 13:38:13 [INFO] [13:38:13] 開始檢查合約狀態
2025-07-28 13:38:13 [INFO] SPY Px=637.53
2025-07-28 13:38:13 [WARNING] spy_put_aug29 收益=53.8% 已達目標
2025-07-28 13:38:13 [INFO] spy_put_aug29: Px=1.97 (+53.8%) Δ=0.115 (ΔΔ=-0.085) IV=0.1845 DTE=32
2025-07-28 13:38:13 [INFO] spy_call_aug29: Px=1.98 (-57.6%) Δ=0.174 (ΔΔ=+0.024) IV=0.1083 DTE=32
2025-07-28 13:38:13 [INFO] == 觸發警報 ==
2025-07-28 13:38:13 [INFO] [重複警報，已忽略] 💰 2025-07-28
spy_put_aug29 收益=53.8% 已達目標 50.0% (SE...
2025-07-28 13:38:13 [INFO] 所有警報今日均已發送過
2025-07-28 13:39:13 [INFO] [13:39:13] 開始檢查合約狀態
2025-07-28 13:39:13 [INFO] SPY Px=637.53
2025-07-28 13:39:13 [WARNING] spy_put_aug29 收益=53.8% 已達目標
2025-07-28 13:39:13 [INFO] spy_put_aug29: Px=1.97 (+53.8%) Δ=0.115 (ΔΔ=-0.085) IV=0.1845 DTE=32
2025-07-28 13:39:13 [INFO] spy_call_aug29: Px=1.98 (-57.6%) Δ=0.174 (ΔΔ=+0.024) IV=0.1083 DTE=32
2025-07-28 13:39:13 [INFO] == 觸發警報 ==
2025-07-28 13:39:13 [INFO] [重複警報，已忽略] 💰 2025-07-28
spy_put_aug29 收益=53.8% 已達目標 50.0% (SE...
2025-07-28 13:39:13 [INFO] 所有警報今日均已發送過
2025-07-28 13:40:18 [INFO] [13:40:18] 開始檢查合約狀態
2025-07-28 13:40:18 [INFO] SPY Px=637.53
2025-07-28 13:40:18 [WARNING] spy_put_aug29 收益=53.8% 已達目標
2025-07-28 13:40:18 [INFO] spy_put_aug29: Px=1.97 (+53.8%) Δ=0.115 (ΔΔ=-0.085) IV=0.1845 DTE=32
2025-07-28 13:40:18 [INFO] spy_call_aug29: Px=1.98 (-57.6%) Δ=0.174 (ΔΔ=+0.024) IV=0.1083 DTE=32
2025-07-28 13:40:18 [INFO] == 觸發警報 ==
2025-07-28 13:40:18 [INFO] [重複警報，已忽略] 💰 2025-07-28
spy_put_aug29 收益=53.8% 已達目標 50.0% (SE...
2025-07-28 13:40:18 [INFO] 所有警報今日均已發送過
2025-07-28 13:41:18 [INFO] [13:41:18] 開始檢查合約狀態
2025-07-28 13:41:18 [INFO] SPY Px=637.53
2025-07-28 13:41:18 [WARNING] spy_put_aug29 收益=53.8% 已達目標
2025-07-28 13:41:18 [INFO] spy_put_aug29: Px=1.97 (+53.8%) Δ=0.115 (ΔΔ=-0.085) IV=0.1845 DTE=32
2025-07-28 13:41:18 [INFO] spy_call_aug29: Px=1.98 (-57.6%) Δ=0.174 (ΔΔ=+0.024) IV=0.1083 DTE=32
2025-07-28 13:41:18 [INFO] == 觸發警報 ==
2025-07-28 13:41:18 [INFO] [重複警報，已忽略] 💰 2025-07-28
spy_put_aug29 收益=53.8% 已達目標 50.0% (SE...
2025-07-28 13:41:18 [INFO] 所有警報今日均已發送過
2025-07-28 13:42:18 [INFO] [13:42:18] 開始檢查合約狀態
2025-07-28 13:42:18 [INFO] SPY Px=637.53
2025-07-28 13:42:18 [WARNING] spy_put_aug29 收益=53.8% 已達目標
2025-07-28 13:42:18 [INFO] spy_put_aug29: Px=1.97 (+53.8%) Δ=0.115 (ΔΔ=-0.085) IV=0.1845 DTE=32
2025-07-28 13:42:18 [INFO] spy_call_aug29: Px=1.98 (-57.6%) Δ=0.174 (ΔΔ=+0.024) IV=0.1083 DTE=32
2025-07-28 13:42:18 [INFO] == 觸發警報 ==
2025-07-28 13:42:18 [INFO] [重複警報，已忽略] 💰 2025-07-28
spy_put_aug29 收益=53.8% 已達目標 50.0% (SE...
2025-07-28 13:42:18 [INFO] 所有警報今日均已發送過
2025-07-28 13:43:18 [INFO] [13:43:18] 開始檢查合約狀態
2025-07-28 13:43:18 [INFO] SPY Px=637.53
2025-07-28 13:43:18 [WARNING] spy_put_aug29 收益=53.8% 已達目標
2025-07-28 13:43:18 [INFO] spy_put_aug29: Px=1.97 (+53.8%) Δ=0.115 (ΔΔ=-0.085) IV=0.1845 DTE=32
2025-07-28 13:43:18 [INFO] spy_call_aug29: Px=1.98 (-57.6%) Δ=0.174 (ΔΔ=+0.024) IV=0.1083 DTE=32
2025-07-28 13:43:18 [INFO] == 觸發警報 ==
2025-07-28 13:43:18 [INFO] [重複警報，已忽略] 💰 2025-07-28
spy_put_aug29 收益=53.8% 已達目標 50.0% (SE...
2025-07-28 13:43:18 [INFO] 所有警報今日均已發送過
2025-07-28 13:44:18 [INFO] [13:44:18] 開始檢查合約狀態
2025-07-28 13:44:18 [INFO] SPY Px=637.53
2025-07-28 13:44:18 [WARNING] spy_put_aug29 收益=53.8% 已達目標
2025-07-28 13:44:18 [INFO] spy_put_aug29: Px=1.97 (+53.8%) Δ=0.115 (ΔΔ=-0.085) IV=0.1845 DTE=32
2025-07-28 13:44:18 [INFO] spy_call_aug29: Px=1.98 (-57.6%) Δ=0.174 (ΔΔ=+0.024) IV=0.1083 DTE=32
2025-07-28 13:44:18 [INFO] == 觸發警報 ==
2025-07-28 13:44:18 [INFO] [重複警報，已忽略] 💰 2025-07-28
spy_put_aug29 收益=53.8% 已達目標 50.0% (SE...
2025-07-28 13:44:18 [INFO] 所有警報今日均已發送過
2025-07-28 13:45:23 [INFO] [13:45:23] 開始檢查合約狀態
2025-07-28 13:45:23 [INFO] SPY Px=637.53
2025-07-28 13:45:23 [WARNING] spy_put_aug29 收益=53.8% 已達目標
2025-07-28 13:45:23 [INFO] spy_put_aug29: Px=1.97 (+53.8%) Δ=0.115 (ΔΔ=-0.085) IV=0.1845 DTE=32
2025-07-28 13:45:23 [INFO] spy_call_aug29: Px=1.98 (-57.6%) Δ=0.174 (ΔΔ=+0.024) IV=0.1083 DTE=32
2025-07-28 13:45:23 [INFO] == 觸發警報 ==
2025-07-28 13:45:23 [INFO] [重複警報，已忽略] 💰 2025-07-28
spy_put_aug29 收益=53.8% 已達目標 50.0% (SE...
2025-07-28 13:45:23 [INFO] 所有警報今日均已發送過
2025-07-28 13:46:23 [INFO] [13:46:23] 開始檢查合約狀態
2025-07-28 13:46:23 [INFO] SPY Px=637.53
2025-07-28 13:46:23 [WARNING] spy_put_aug29 收益=53.8% 已達目標
2025-07-28 13:46:23 [INFO] spy_put_aug29: Px=1.97 (+53.8%) Δ=0.115 (ΔΔ=-0.085) IV=0.1845 DTE=32
2025-07-28 13:46:23 [INFO] spy_call_aug29: Px=1.98 (-57.6%) Δ=0.174 (ΔΔ=+0.024) IV=0.1083 DTE=32
2025-07-28 13:46:23 [INFO] == 觸發警報 ==
2025-07-28 13:46:23 [INFO] [重複警報，已忽略] 💰 2025-07-28
spy_put_aug29 收益=53.8% 已達目標 50.0% (SE...
2025-07-28 13:46:23 [INFO] 所有警報今日均已發送過
2025-07-28 13:47:23 [INFO] [13:47:23] 開始檢查合約狀態
2025-07-28 13:47:23 [INFO] SPY Px=637.53
2025-07-28 13:47:23 [WARNING] spy_put_aug29 收益=53.8% 已達目標
2025-07-28 13:47:23 [INFO] spy_put_aug29: Px=1.97 (+53.8%) Δ=0.115 (ΔΔ=-0.085) IV=0.1845 DTE=32
2025-07-28 13:47:23 [INFO] spy_call_aug29: Px=1.98 (-57.6%) Δ=0.174 (ΔΔ=+0.024) IV=0.1083 DTE=32
2025-07-28 13:47:23 [INFO] == 觸發警報 ==
2025-07-28 13:47:23 [INFO] [重複警報，已忽略] 💰 2025-07-28
spy_put_aug29 收益=53.8% 已達目標 50.0% (SE...
2025-07-28 13:47:23 [INFO] 所有警報今日均已發送過
2025-07-28 13:48:23 [INFO] [13:48:23] 開始檢查合約狀態
2025-07-28 13:48:24 [INFO] SPY Px=637.53
2025-07-28 13:48:24 [WARNING] spy_put_aug29 收益=53.8% 已達目標
2025-07-28 13:48:24 [INFO] spy_put_aug29: Px=1.97 (+53.8%) Δ=0.115 (ΔΔ=-0.085) IV=0.1845 DTE=32
2025-07-28 13:48:24 [INFO] spy_call_aug29: Px=1.98 (-57.6%) Δ=0.174 (ΔΔ=+0.024) IV=0.1083 DTE=32
2025-07-28 13:48:24 [INFO] == 觸發警報 ==
2025-07-28 13:48:24 [INFO] [重複警報，已忽略] 💰 2025-07-28
spy_put_aug29 收益=53.8% 已達目標 50.0% (SE...
2025-07-28 13:48:24 [INFO] 所有警報今日均已發送過
2025-07-28 13:49:24 [INFO] [13:49:24] 開始檢查合約狀態
2025-07-28 13:49:24 [INFO] SPY Px=637.53
2025-07-28 13:49:24 [WARNING] spy_put_aug29 收益=53.8% 已達目標
2025-07-28 13:49:24 [INFO] spy_put_aug29: Px=1.97 (+53.8%) Δ=0.115 (ΔΔ=-0.085) IV=0.1845 DTE=32
2025-07-28 13:49:24 [INFO] spy_call_aug29: Px=1.98 (-57.6%) Δ=0.174 (ΔΔ=+0.024) IV=0.1083 DTE=32
2025-07-28 13:49:24 [INFO] == 觸發警報 ==
2025-07-28 13:49:24 [INFO] [重複警報，已忽略] 💰 2025-07-28
spy_put_aug29 收益=53.8% 已達目標 50.0% (SE...
2025-07-28 13:49:24 [INFO] 所有警報今日均已發送過
2025-07-28 13:50:29 [INFO] [13:50:29] 開始檢查合約狀態
2025-07-28 13:50:29 [INFO] SPY Px=637.53
2025-07-28 13:50:29 [WARNING] spy_put_aug29 收益=53.8% 已達目標
2025-07-28 13:50:29 [INFO] spy_put_aug29: Px=1.97 (+53.8%) Δ=0.115 (ΔΔ=-0.085) IV=0.1845 DTE=32
2025-07-28 13:50:29 [INFO] spy_call_aug29: Px=1.98 (-57.6%) Δ=0.174 (ΔΔ=+0.024) IV=0.1083 DTE=32
2025-07-28 13:50:29 [INFO] == 觸發警報 ==
2025-07-28 13:50:29 [INFO] [重複警報，已忽略] 💰 2025-07-28
spy_put_aug29 收益=53.8% 已達目標 50.0% (SE...
2025-07-28 13:50:29 [INFO] 所有警報今日均已發送過
2025-07-28 13:51:29 [INFO] [13:51:29] 開始檢查合約狀態
2025-07-28 13:51:29 [INFO] SPY Px=637.53
2025-07-28 13:51:29 [WARNING] spy_put_aug29 收益=53.8% 已達目標
2025-07-28 13:51:29 [INFO] spy_put_aug29: Px=1.97 (+53.8%) Δ=0.115 (ΔΔ=-0.085) IV=0.1845 DTE=32
2025-07-28 13:51:29 [INFO] spy_call_aug29: Px=1.98 (-57.6%) Δ=0.174 (ΔΔ=+0.024) IV=0.1083 DTE=32
2025-07-28 13:51:29 [INFO] == 觸發警報 ==
2025-07-28 13:51:29 [INFO] [重複警報，已忽略] 💰 2025-07-28
spy_put_aug29 收益=53.8% 已達目標 50.0% (SE...
2025-07-28 13:51:29 [INFO] 所有警報今日均已發送過
2025-07-28 13:52:29 [INFO] [13:52:29] 開始檢查合約狀態
2025-07-28 13:52:29 [INFO] SPY Px=637.53
2025-07-28 13:52:29 [WARNING] spy_put_aug29 收益=53.8% 已達目標
2025-07-28 13:52:29 [INFO] spy_put_aug29: Px=1.97 (+53.8%) Δ=0.115 (ΔΔ=-0.085) IV=0.1845 DTE=32
2025-07-28 13:52:29 [INFO] spy_call_aug29: Px=1.98 (-57.6%) Δ=0.174 (ΔΔ=+0.024) IV=0.1083 DTE=32
2025-07-28 13:52:29 [INFO] == 觸發警報 ==
2025-07-28 13:52:29 [INFO] [重複警報，已忽略] 💰 2025-07-28
spy_put_aug29 收益=53.8% 已達目標 50.0% (SE...
2025-07-28 13:52:29 [INFO] 所有警報今日均已發送過
2025-07-28 13:53:29 [INFO] [13:53:29] 開始檢查合約狀態
2025-07-28 13:53:29 [INFO] SPY Px=637.53
2025-07-28 13:53:29 [WARNING] spy_put_aug29 收益=53.8% 已達目標
2025-07-28 13:53:29 [INFO] spy_put_aug29: Px=1.97 (+53.8%) Δ=0.115 (ΔΔ=-0.085) IV=0.1845 DTE=32
2025-07-28 13:53:29 [INFO] spy_call_aug29: Px=1.98 (-57.6%) Δ=0.174 (ΔΔ=+0.024) IV=0.1083 DTE=32
2025-07-28 13:53:29 [INFO] == 觸發警報 ==
2025-07-28 13:53:29 [INFO] [重複警報，已忽略] 💰 2025-07-28
spy_put_aug29 收益=53.8% 已達目標 50.0% (SE...
2025-07-28 13:53:29 [INFO] 所有警報今日均已發送過
2025-07-28 13:54:29 [INFO] [13:54:29] 開始檢查合約狀態
2025-07-28 13:54:29 [INFO] SPY Px=637.53
2025-07-28 13:54:29 [WARNING] spy_put_aug29 收益=53.8% 已達目標
2025-07-28 13:54:29 [INFO] spy_put_aug29: Px=1.97 (+53.8%) Δ=0.115 (ΔΔ=-0.085) IV=0.1845 DTE=32
2025-07-28 13:54:29 [INFO] spy_call_aug29: Px=1.98 (-57.6%) Δ=0.174 (ΔΔ=+0.024) IV=0.1083 DTE=32
2025-07-28 13:54:29 [INFO] == 觸發警報 ==
2025-07-28 13:54:29 [INFO] [重複警報，已忽略] 💰 2025-07-28
spy_put_aug29 收益=53.8% 已達目標 50.0% (SE...
2025-07-28 13:54:29 [INFO] 所有警報今日均已發送過
2025-07-28 13:55:34 [INFO] [13:55:34] 開始檢查合約狀態
2025-07-28 13:55:34 [INFO] SPY Px=637.53
2025-07-28 13:55:34 [WARNING] spy_put_aug29 收益=53.8% 已達目標
2025-07-28 13:55:34 [INFO] spy_put_aug29: Px=1.97 (+53.8%) Δ=0.115 (ΔΔ=-0.085) IV=0.1845 DTE=32
2025-07-28 13:55:34 [INFO] spy_call_aug29: Px=1.98 (-57.6%) Δ=0.174 (ΔΔ=+0.024) IV=0.1083 DTE=32
2025-07-28 13:55:34 [INFO] == 觸發警報 ==
2025-07-28 13:55:34 [INFO] [重複警報，已忽略] 💰 2025-07-28
spy_put_aug29 收益=53.8% 已達目標 50.0% (SE...
2025-07-28 13:55:34 [INFO] 所有警報今日均已發送過
2025-07-28 13:56:34 [INFO] [13:56:34] 開始檢查合約狀態
2025-07-28 13:56:34 [INFO] SPY Px=637.53
2025-07-28 13:56:34 [WARNING] spy_put_aug29 收益=53.8% 已達目標
2025-07-28 13:56:34 [INFO] spy_put_aug29: Px=1.97 (+53.8%) Δ=0.115 (ΔΔ=-0.085) IV=0.1845 DTE=32
2025-07-28 13:56:34 [INFO] spy_call_aug29: Px=1.98 (-57.6%) Δ=0.174 (ΔΔ=+0.024) IV=0.1083 DTE=32
2025-07-28 13:56:34 [INFO] == 觸發警報 ==
2025-07-28 13:56:34 [INFO] [重複警報，已忽略] 💰 2025-07-28
spy_put_aug29 收益=53.8% 已達目標 50.0% (SE...
2025-07-28 13:56:34 [INFO] 所有警報今日均已發送過
2025-07-28 13:57:34 [INFO] [13:57:34] 開始檢查合約狀態
2025-07-28 13:57:34 [INFO] SPY Px=637.53
2025-07-28 13:57:34 [WARNING] spy_put_aug29 收益=53.8% 已達目標
2025-07-28 13:57:34 [INFO] spy_put_aug29: Px=1.97 (+53.8%) Δ=0.115 (ΔΔ=-0.085) IV=0.1845 DTE=32
2025-07-28 13:57:34 [INFO] spy_call_aug29: Px=1.98 (-57.6%) Δ=0.174 (ΔΔ=+0.024) IV=0.1083 DTE=32
2025-07-28 13:57:34 [INFO] == 觸發警報 ==
2025-07-28 13:57:34 [INFO] [重複警報，已忽略] 💰 2025-07-28
spy_put_aug29 收益=53.8% 已達目標 50.0% (SE...
2025-07-28 13:57:34 [INFO] 所有警報今日均已發送過
2025-07-28 13:58:34 [INFO] [13:58:34] 開始檢查合約狀態
2025-07-28 13:58:34 [INFO] SPY Px=637.53
2025-07-28 13:58:34 [WARNING] spy_put_aug29 收益=53.8% 已達目標
2025-07-28 13:58:34 [INFO] spy_put_aug29: Px=1.97 (+53.8%) Δ=0.115 (ΔΔ=-0.085) IV=0.1845 DTE=32
2025-07-28 13:58:34 [INFO] spy_call_aug29: Px=1.98 (-57.6%) Δ=0.174 (ΔΔ=+0.024) IV=0.1083 DTE=32
2025-07-28 13:58:34 [INFO] == 觸發警報 ==
2025-07-28 13:58:34 [INFO] [重複警報，已忽略] 💰 2025-07-28
spy_put_aug29 收益=53.8% 已達目標 50.0% (SE...
2025-07-28 13:58:34 [INFO] 所有警報今日均已發送過
2025-07-28 13:59:34 [INFO] [13:59:34] 開始檢查合約狀態
2025-07-28 13:59:34 [INFO] SPY Px=637.53
2025-07-28 13:59:34 [WARNING] spy_put_aug29 收益=53.8% 已達目標
2025-07-28 13:59:34 [INFO] spy_put_aug29: Px=1.97 (+53.8%) Δ=0.115 (ΔΔ=-0.085) IV=0.1845 DTE=32
2025-07-28 13:59:34 [INFO] spy_call_aug29: Px=1.98 (-57.6%) Δ=0.174 (ΔΔ=+0.024) IV=0.1083 DTE=32
2025-07-28 13:59:34 [INFO] == 觸發警報 ==
2025-07-28 13:59:34 [INFO] [重複警報，已忽略] 💰 2025-07-28
spy_put_aug29 收益=53.8% 已達目標 50.0% (SE...
2025-07-28 13:59:34 [INFO] 所有警報今日均已發送過
2025-07-28 14:00:39 [INFO] [14:00:39] 開始檢查合約狀態
2025-07-28 14:00:39 [INFO] SPY Px=637.53
2025-07-28 14:00:39 [WARNING] spy_put_aug29 收益=53.8% 已達目標
2025-07-28 14:00:39 [INFO] spy_put_aug29: Px=1.97 (+53.8%) Δ=0.115 (ΔΔ=-0.085) IV=0.1845 DTE=32
2025-07-28 14:00:39 [INFO] spy_call_aug29: Px=1.98 (-57.6%) Δ=0.174 (ΔΔ=+0.024) IV=0.1083 DTE=32
2025-07-28 14:00:39 [INFO] == 觸發警報 ==
2025-07-28 14:00:39 [INFO] [重複警報，已忽略] 💰 2025-07-28
spy_put_aug29 收益=53.8% 已達目標 50.0% (SE...
2025-07-28 14:00:39 [INFO] 所有警報今日均已發送過
2025-07-28 14:01:39 [INFO] [14:01:39] 開始檢查合約狀態
2025-07-28 14:01:39 [INFO] SPY Px=637.53
2025-07-28 14:01:39 [WARNING] spy_put_aug29 收益=53.8% 已達目標
2025-07-28 14:01:39 [INFO] spy_put_aug29: Px=1.97 (+53.8%) Δ=0.115 (ΔΔ=-0.085) IV=0.1845 DTE=32
2025-07-28 14:01:39 [INFO] spy_call_aug29: Px=1.98 (-57.6%) Δ=0.174 (ΔΔ=+0.024) IV=0.1083 DTE=32
2025-07-28 14:01:39 [INFO] == 觸發警報 ==
2025-07-28 14:01:39 [INFO] [重複警報，已忽略] 💰 2025-07-28
spy_put_aug29 收益=53.8% 已達目標 50.0% (SE...
2025-07-28 14:01:39 [INFO] 所有警報今日均已發送過
2025-07-28 14:02:39 [INFO] [14:02:39] 開始檢查合約狀態
2025-07-28 14:02:39 [INFO] SPY Px=637.53
2025-07-28 14:02:39 [WARNING] spy_put_aug29 收益=53.8% 已達目標
2025-07-28 14:02:39 [INFO] spy_put_aug29: Px=1.97 (+53.8%) Δ=0.115 (ΔΔ=-0.085) IV=0.1845 DTE=32
2025-07-28 14:02:39 [INFO] spy_call_aug29: Px=1.98 (-57.6%) Δ=0.174 (ΔΔ=+0.024) IV=0.1083 DTE=32
2025-07-28 14:02:40 [INFO] == 觸發警報 ==
2025-07-28 14:02:40 [INFO] [重複警報，已忽略] 💰 2025-07-28
spy_put_aug29 收益=53.8% 已達目標 50.0% (SE...
2025-07-28 14:02:40 [INFO] 所有警報今日均已發送過
2025-07-28 14:03:40 [INFO] [14:03:40] 開始檢查合約狀態
2025-07-28 14:03:40 [INFO] SPY Px=637.53
2025-07-28 14:03:40 [WARNING] spy_put_aug29 收益=53.8% 已達目標
2025-07-28 14:03:40 [INFO] spy_put_aug29: Px=1.97 (+53.8%) Δ=0.115 (ΔΔ=-0.085) IV=0.1845 DTE=32
2025-07-28 14:03:40 [INFO] spy_call_aug29: Px=1.98 (-57.6%) Δ=0.174 (ΔΔ=+0.024) IV=0.1083 DTE=32
2025-07-28 14:03:40 [INFO] == 觸發警報 ==
2025-07-28 14:03:40 [INFO] [重複警報，已忽略] 💰 2025-07-28
spy_put_aug29 收益=53.8% 已達目標 50.0% (SE...
2025-07-28 14:03:40 [INFO] 所有警報今日均已發送過
2025-07-28 14:04:40 [INFO] [14:04:40] 開始檢查合約狀態
2025-07-28 14:04:40 [INFO] SPY Px=637.53
2025-07-28 14:04:40 [WARNING] spy_put_aug29 收益=53.8% 已達目標
2025-07-28 14:04:40 [INFO] spy_put_aug29: Px=1.97 (+53.8%) Δ=0.115 (ΔΔ=-0.085) IV=0.1845 DTE=32
2025-07-28 14:04:40 [INFO] spy_call_aug29: Px=1.98 (-57.6%) Δ=0.174 (ΔΔ=+0.024) IV=0.1083 DTE=32
2025-07-28 14:04:40 [INFO] == 觸發警報 ==
2025-07-28 14:04:40 [INFO] [重複警報，已忽略] 💰 2025-07-28
spy_put_aug29 收益=53.8% 已達目標 50.0% (SE...
2025-07-28 14:04:40 [INFO] 所有警報今日均已發送過
2025-07-28 14:05:45 [INFO] [14:05:45] 開始檢查合約狀態
2025-07-28 14:05:45 [INFO] SPY Px=637.53
2025-07-28 14:05:45 [WARNING] spy_put_aug29 收益=53.8% 已達目標
2025-07-28 14:05:45 [INFO] spy_put_aug29: Px=1.97 (+53.8%) Δ=0.115 (ΔΔ=-0.085) IV=0.1845 DTE=32
2025-07-28 14:05:45 [INFO] spy_call_aug29: Px=1.98 (-57.6%) Δ=0.174 (ΔΔ=+0.024) IV=0.1083 DTE=32
2025-07-28 14:05:45 [INFO] == 觸發警報 ==
2025-07-28 14:05:45 [INFO] [重複警報，已忽略] 💰 2025-07-28
spy_put_aug29 收益=53.8% 已達目標 50.0% (SE...
2025-07-28 14:05:45 [INFO] 所有警報今日均已發送過
2025-07-28 14:06:45 [INFO] [14:06:45] 開始檢查合約狀態
2025-07-28 14:06:45 [INFO] SPY Px=637.53
2025-07-28 14:06:45 [WARNING] spy_put_aug29 收益=53.8% 已達目標
2025-07-28 14:06:45 [INFO] spy_put_aug29: Px=1.97 (+53.8%) Δ=0.115 (ΔΔ=-0.085) IV=0.1845 DTE=32
2025-07-28 14:06:45 [INFO] spy_call_aug29: Px=1.98 (-57.6%) Δ=0.174 (ΔΔ=+0.024) IV=0.1083 DTE=32
2025-07-28 14:06:45 [INFO] == 觸發警報 ==
2025-07-28 14:06:45 [INFO] [重複警報，已忽略] 💰 2025-07-28
spy_put_aug29 收益=53.8% 已達目標 50.0% (SE...
2025-07-28 14:06:45 [INFO] 所有警報今日均已發送過
2025-07-28 14:07:45 [INFO] [14:07:45] 開始檢查合約狀態
2025-07-28 14:07:45 [INFO] SPY Px=637.53
2025-07-28 14:07:45 [WARNING] spy_put_aug29 收益=53.8% 已達目標
2025-07-28 14:07:45 [INFO] spy_put_aug29: Px=1.97 (+53.8%) Δ=0.115 (ΔΔ=-0.085) IV=0.1845 DTE=32
2025-07-28 14:07:45 [INFO] spy_call_aug29: Px=1.98 (-57.6%) Δ=0.174 (ΔΔ=+0.024) IV=0.1083 DTE=32
2025-07-28 14:07:45 [INFO] == 觸發警報 ==
2025-07-28 14:07:45 [INFO] [重複警報，已忽略] 💰 2025-07-28
spy_put_aug29 收益=53.8% 已達目標 50.0% (SE...
2025-07-28 14:07:45 [INFO] 所有警報今日均已發送過
2025-07-28 14:08:45 [INFO] [14:08:45] 開始檢查合約狀態
2025-07-28 14:08:45 [INFO] SPY Px=637.53
2025-07-28 14:08:45 [WARNING] spy_put_aug29 收益=53.8% 已達目標
2025-07-28 14:08:45 [INFO] spy_put_aug29: Px=1.97 (+53.8%) Δ=0.115 (ΔΔ=-0.085) IV=0.1845 DTE=32
2025-07-28 14:08:45 [INFO] spy_call_aug29: Px=1.98 (-57.6%) Δ=0.174 (ΔΔ=+0.024) IV=0.1083 DTE=32
2025-07-28 14:08:45 [INFO] == 觸發警報 ==
2025-07-28 14:08:45 [INFO] [重複警報，已忽略] 💰 2025-07-28
spy_put_aug29 收益=53.8% 已達目標 50.0% (SE...
2025-07-28 14:08:45 [INFO] 所有警報今日均已發送過
2025-07-28 14:09:45 [INFO] [14:09:45] 開始檢查合約狀態
2025-07-28 14:09:45 [INFO] SPY Px=637.53
2025-07-28 14:09:45 [WARNING] spy_put_aug29 收益=53.8% 已達目標
2025-07-28 14:09:45 [INFO] spy_put_aug29: Px=1.97 (+53.8%) Δ=0.115 (ΔΔ=-0.085) IV=0.1845 DTE=32
2025-07-28 14:09:45 [INFO] spy_call_aug29: Px=1.98 (-57.6%) Δ=0.174 (ΔΔ=+0.024) IV=0.1083 DTE=32
2025-07-28 14:09:45 [INFO] == 觸發警報 ==
2025-07-28 14:09:45 [INFO] [重複警報，已忽略] 💰 2025-07-28
spy_put_aug29 收益=53.8% 已達目標 50.0% (SE...
2025-07-28 14:09:45 [INFO] 所有警報今日均已發送過
2025-07-28 14:10:50 [INFO] [14:10:50] 開始檢查合約狀態
2025-07-28 14:10:50 [INFO] SPY Px=637.53
2025-07-28 14:10:50 [WARNING] spy_put_aug29 收益=53.8% 已達目標
2025-07-28 14:10:50 [INFO] spy_put_aug29: Px=1.97 (+53.8%) Δ=0.115 (ΔΔ=-0.085) IV=0.1845 DTE=32
2025-07-28 14:10:50 [INFO] spy_call_aug29: Px=1.98 (-57.6%) Δ=0.174 (ΔΔ=+0.024) IV=0.1083 DTE=32
2025-07-28 14:10:50 [INFO] == 觸發警報 ==
2025-07-28 14:10:50 [INFO] [重複警報，已忽略] 💰 2025-07-28
spy_put_aug29 收益=53.8% 已達目標 50.0% (SE...
2025-07-28 14:10:50 [INFO] 所有警報今日均已發送過
2025-07-28 14:11:50 [INFO] [14:11:50] 開始檢查合約狀態
2025-07-28 14:11:50 [INFO] SPY Px=637.53
2025-07-28 14:11:50 [WARNING] spy_put_aug29 收益=53.8% 已達目標
2025-07-28 14:11:50 [INFO] spy_put_aug29: Px=1.97 (+53.8%) Δ=0.115 (ΔΔ=-0.085) IV=0.1845 DTE=32
2025-07-28 14:11:50 [INFO] spy_call_aug29: Px=1.98 (-57.6%) Δ=0.174 (ΔΔ=+0.024) IV=0.1083 DTE=32
2025-07-28 14:11:50 [INFO] == 觸發警報 ==
2025-07-28 14:11:50 [INFO] [重複警報，已忽略] 💰 2025-07-28
spy_put_aug29 收益=53.8% 已達目標 50.0% (SE...
2025-07-28 14:11:50 [INFO] 所有警報今日均已發送過
2025-07-28 14:12:50 [INFO] [14:12:50] 開始檢查合約狀態
2025-07-28 14:12:50 [INFO] SPY Px=637.53
2025-07-28 14:12:50 [WARNING] spy_put_aug29 收益=53.8% 已達目標
2025-07-28 14:12:50 [INFO] spy_put_aug29: Px=1.97 (+53.8%) Δ=0.115 (ΔΔ=-0.085) IV=0.1845 DTE=32
2025-07-28 14:12:50 [INFO] spy_call_aug29: Px=1.98 (-57.6%) Δ=0.174 (ΔΔ=+0.024) IV=0.1083 DTE=32
2025-07-28 14:12:50 [INFO] == 觸發警報 ==
2025-07-28 14:12:50 [INFO] [重複警報，已忽略] 💰 2025-07-28
spy_put_aug29 收益=53.8% 已達目標 50.0% (SE...
2025-07-28 14:12:50 [INFO] 所有警報今日均已發送過
2025-07-28 14:13:50 [INFO] [14:13:50] 開始檢查合約狀態
2025-07-28 14:13:50 [INFO] SPY Px=637.53
2025-07-28 14:13:50 [WARNING] spy_put_aug29 收益=53.8% 已達目標
2025-07-28 14:13:50 [INFO] spy_put_aug29: Px=1.97 (+53.8%) Δ=0.115 (ΔΔ=-0.085) IV=0.1845 DTE=32
2025-07-28 14:13:50 [INFO] spy_call_aug29: Px=1.98 (-57.6%) Δ=0.174 (ΔΔ=+0.024) IV=0.1083 DTE=32
2025-07-28 14:13:50 [INFO] == 觸發警報 ==
2025-07-28 14:13:50 [INFO] [重複警報，已忽略] 💰 2025-07-28
spy_put_aug29 收益=53.8% 已達目標 50.0% (SE...
2025-07-28 14:13:50 [INFO] 所有警報今日均已發送過
2025-07-28 14:14:50 [INFO] [14:14:50] 開始檢查合約狀態
2025-07-28 14:14:50 [INFO] SPY Px=637.53
2025-07-28 14:14:50 [WARNING] spy_put_aug29 收益=53.8% 已達目標
2025-07-28 14:14:50 [INFO] spy_put_aug29: Px=1.97 (+53.8%) Δ=0.115 (ΔΔ=-0.085) IV=0.1845 DTE=32
2025-07-28 14:14:50 [INFO] spy_call_aug29: Px=1.98 (-57.6%) Δ=0.174 (ΔΔ=+0.024) IV=0.1083 DTE=32
2025-07-28 14:14:50 [INFO] == 觸發警報 ==
2025-07-28 14:14:50 [INFO] [重複警報，已忽略] 💰 2025-07-28
spy_put_aug29 收益=53.8% 已達目標 50.0% (SE...
2025-07-28 14:14:50 [INFO] 所有警報今日均已發送過
2025-07-28 14:15:56 [INFO] [14:15:56] 開始檢查合約狀態
2025-07-28 14:15:56 [INFO] SPY Px=637.53
2025-07-28 14:15:56 [WARNING] spy_put_aug29 收益=53.8% 已達目標
2025-07-28 14:15:56 [INFO] spy_put_aug29: Px=1.97 (+53.8%) Δ=0.115 (ΔΔ=-0.085) IV=0.1845 DTE=32
2025-07-28 14:15:56 [INFO] spy_call_aug29: Px=1.98 (-57.6%) Δ=0.174 (ΔΔ=+0.024) IV=0.1083 DTE=32
2025-07-28 14:15:56 [INFO] == 觸發警報 ==
2025-07-28 14:15:56 [INFO] [重複警報，已忽略] 💰 2025-07-28
spy_put_aug29 收益=53.8% 已達目標 50.0% (SE...
2025-07-28 14:15:56 [INFO] 所有警報今日均已發送過
2025-07-28 14:16:56 [INFO] [14:16:56] 開始檢查合約狀態
2025-07-28 14:16:56 [INFO] SPY Px=637.53
2025-07-28 14:16:56 [WARNING] spy_put_aug29 收益=53.8% 已達目標
2025-07-28 14:16:56 [INFO] spy_put_aug29: Px=1.97 (+53.8%) Δ=0.115 (ΔΔ=-0.085) IV=0.1845 DTE=32
2025-07-28 14:16:56 [INFO] spy_call_aug29: Px=1.98 (-57.6%) Δ=0.174 (ΔΔ=+0.024) IV=0.1083 DTE=32
2025-07-28 14:16:56 [INFO] == 觸發警報 ==
2025-07-28 14:16:56 [INFO] [重複警報，已忽略] 💰 2025-07-28
spy_put_aug29 收益=53.8% 已達目標 50.0% (SE...
2025-07-28 14:16:56 [INFO] 所有警報今日均已發送過
2025-07-28 14:17:56 [INFO] [14:17:56] 開始檢查合約狀態
2025-07-28 14:17:56 [INFO] SPY Px=637.53
2025-07-28 14:17:56 [WARNING] spy_put_aug29 收益=53.8% 已達目標
2025-07-28 14:17:56 [INFO] spy_put_aug29: Px=1.97 (+53.8%) Δ=0.115 (ΔΔ=-0.085) IV=0.1845 DTE=32
2025-07-28 14:17:56 [INFO] spy_call_aug29: Px=1.98 (-57.6%) Δ=0.174 (ΔΔ=+0.024) IV=0.1083 DTE=32
2025-07-28 14:17:56 [INFO] == 觸發警報 ==
2025-07-28 14:17:56 [INFO] [重複警報，已忽略] 💰 2025-07-28
spy_put_aug29 收益=53.8% 已達目標 50.0% (SE...
2025-07-28 14:17:56 [INFO] 所有警報今日均已發送過
2025-07-28 14:18:56 [INFO] [14:18:56] 開始檢查合約狀態
2025-07-28 14:18:56 [INFO] SPY Px=637.53
2025-07-28 14:18:56 [WARNING] spy_put_aug29 收益=53.8% 已達目標
2025-07-28 14:18:56 [INFO] spy_put_aug29: Px=1.97 (+53.8%) Δ=0.115 (ΔΔ=-0.085) IV=0.1845 DTE=32
2025-07-28 14:18:56 [INFO] spy_call_aug29: Px=1.98 (-57.6%) Δ=0.174 (ΔΔ=+0.024) IV=0.1083 DTE=32
2025-07-28 14:18:56 [INFO] == 觸發警報 ==
2025-07-28 14:18:56 [INFO] [重複警報，已忽略] 💰 2025-07-28
spy_put_aug29 收益=53.8% 已達目標 50.0% (SE...
2025-07-28 14:18:56 [INFO] 所有警報今日均已發送過
2025-07-28 14:19:56 [INFO] [14:19:56] 開始檢查合約狀態
2025-07-28 14:19:56 [INFO] SPY Px=637.53
2025-07-28 14:19:56 [WARNING] spy_put_aug29 收益=53.8% 已達目標
2025-07-28 14:19:56 [INFO] spy_put_aug29: Px=1.97 (+53.8%) Δ=0.115 (ΔΔ=-0.085) IV=0.1845 DTE=32
2025-07-28 14:19:56 [INFO] spy_call_aug29: Px=1.98 (-57.6%) Δ=0.174 (ΔΔ=+0.024) IV=0.1083 DTE=32
2025-07-28 14:19:56 [INFO] == 觸發警報 ==
2025-07-28 14:19:56 [INFO] [重複警報，已忽略] 💰 2025-07-28
spy_put_aug29 收益=53.8% 已達目標 50.0% (SE...
2025-07-28 14:19:56 [INFO] 所有警報今日均已發送過
2025-07-28 14:21:01 [INFO] [14:21:01] 開始檢查合約狀態
2025-07-28 14:21:01 [INFO] SPY Px=637.53
2025-07-28 14:21:01 [WARNING] spy_put_aug29 收益=53.8% 已達目標
2025-07-28 14:21:01 [INFO] spy_put_aug29: Px=1.97 (+53.8%) Δ=0.115 (ΔΔ=-0.085) IV=0.1845 DTE=32
2025-07-28 14:21:01 [INFO] spy_call_aug29: Px=1.98 (-57.6%) Δ=0.174 (ΔΔ=+0.024) IV=0.1083 DTE=32
2025-07-28 14:21:01 [INFO] == 觸發警報 ==
2025-07-28 14:21:01 [INFO] [重複警報，已忽略] 💰 2025-07-28
spy_put_aug29 收益=53.8% 已達目標 50.0% (SE...
2025-07-28 14:21:01 [INFO] 所有警報今日均已發送過
2025-07-28 14:22:01 [INFO] [14:22:01] 開始檢查合約狀態
2025-07-28 14:22:01 [INFO] SPY Px=637.53
2025-07-28 14:22:01 [WARNING] spy_put_aug29 收益=53.8% 已達目標
2025-07-28 14:22:01 [INFO] spy_put_aug29: Px=1.97 (+53.8%) Δ=0.115 (ΔΔ=-0.085) IV=0.1845 DTE=32
2025-07-28 14:22:01 [INFO] spy_call_aug29: Px=1.98 (-57.6%) Δ=0.174 (ΔΔ=+0.024) IV=0.1083 DTE=32
2025-07-28 14:22:01 [INFO] == 觸發警報 ==
2025-07-28 14:22:01 [INFO] [重複警報，已忽略] 💰 2025-07-28
spy_put_aug29 收益=53.8% 已達目標 50.0% (SE...
2025-07-28 14:22:01 [INFO] 所有警報今日均已發送過
2025-07-28 14:23:01 [INFO] [14:23:01] 開始檢查合約狀態
2025-07-28 14:23:01 [INFO] SPY Px=637.53
2025-07-28 14:23:01 [WARNING] spy_put_aug29 收益=53.8% 已達目標
2025-07-28 14:23:01 [INFO] spy_put_aug29: Px=1.97 (+53.8%) Δ=0.115 (ΔΔ=-0.085) IV=0.1845 DTE=32
2025-07-28 14:23:01 [INFO] spy_call_aug29: Px=1.98 (-57.6%) Δ=0.174 (ΔΔ=+0.024) IV=0.1083 DTE=32
2025-07-28 14:23:01 [INFO] == 觸發警報 ==
2025-07-28 14:23:01 [INFO] [重複警報，已忽略] 💰 2025-07-28
spy_put_aug29 收益=53.8% 已達目標 50.0% (SE...
2025-07-28 14:23:01 [INFO] 所有警報今日均已發送過
2025-07-28 14:24:01 [INFO] [14:24:01] 開始檢查合約狀態
2025-07-28 14:24:01 [INFO] SPY Px=637.53
2025-07-28 14:24:01 [WARNING] spy_put_aug29 收益=53.8% 已達目標
2025-07-28 14:24:01 [INFO] spy_put_aug29: Px=1.97 (+53.8%) Δ=0.115 (ΔΔ=-0.085) IV=0.1845 DTE=32
2025-07-28 14:24:01 [INFO] spy_call_aug29: Px=1.98 (-57.6%) Δ=0.174 (ΔΔ=+0.024) IV=0.1083 DTE=32
2025-07-28 14:24:01 [INFO] == 觸發警報 ==
2025-07-28 14:24:01 [INFO] [重複警報，已忽略] 💰 2025-07-28
spy_put_aug29 收益=53.8% 已達目標 50.0% (SE...
2025-07-28 14:24:01 [INFO] 所有警報今日均已發送過
2025-07-28 14:25:01 [INFO] [14:25:01] 開始檢查合約狀態
2025-07-28 14:25:01 [INFO] SPY Px=637.53
2025-07-28 14:25:01 [WARNING] spy_put_aug29 收益=53.8% 已達目標
2025-07-28 14:25:01 [INFO] spy_put_aug29: Px=1.97 (+53.8%) Δ=0.115 (ΔΔ=-0.085) IV=0.1845 DTE=32
2025-07-28 14:25:01 [INFO] spy_call_aug29: Px=1.98 (-57.6%) Δ=0.174 (ΔΔ=+0.024) IV=0.1083 DTE=32
2025-07-28 14:25:01 [INFO] == 觸發警報 ==
2025-07-28 14:25:01 [INFO] [重複警報，已忽略] 💰 2025-07-28
spy_put_aug29 收益=53.8% 已達目標 50.0% (SE...
2025-07-28 14:25:01 [INFO] 所有警報今日均已發送過
2025-07-28 14:26:06 [INFO] [14:26:06] 開始檢查合約狀態
2025-07-28 14:26:06 [INFO] SPY Px=637.53
2025-07-28 14:26:06 [WARNING] spy_put_aug29 收益=53.8% 已達目標
2025-07-28 14:26:06 [INFO] spy_put_aug29: Px=1.97 (+53.8%) Δ=0.115 (ΔΔ=-0.085) IV=0.1845 DTE=32
2025-07-28 14:26:06 [INFO] spy_call_aug29: Px=1.98 (-57.6%) Δ=0.174 (ΔΔ=+0.024) IV=0.1083 DTE=32
2025-07-28 14:26:06 [INFO] == 觸發警報 ==
2025-07-28 14:26:06 [INFO] [重複警報，已忽略] 💰 2025-07-28
spy_put_aug29 收益=53.8% 已達目標 50.0% (SE...
2025-07-28 14:26:06 [INFO] 所有警報今日均已發送過
2025-07-28 14:27:06 [INFO] [14:27:06] 開始檢查合約狀態
2025-07-28 14:27:06 [INFO] SPY Px=637.53
2025-07-28 14:27:06 [WARNING] spy_put_aug29 收益=53.8% 已達目標
2025-07-28 14:27:06 [INFO] spy_put_aug29: Px=1.97 (+53.8%) Δ=0.115 (ΔΔ=-0.085) IV=0.1845 DTE=32
2025-07-28 14:27:06 [INFO] spy_call_aug29: Px=1.98 (-57.6%) Δ=0.174 (ΔΔ=+0.024) IV=0.1083 DTE=32
2025-07-28 14:27:06 [INFO] == 觸發警報 ==
2025-07-28 14:27:06 [INFO] [重複警報，已忽略] 💰 2025-07-28
spy_put_aug29 收益=53.8% 已達目標 50.0% (SE...
2025-07-28 14:27:06 [INFO] 所有警報今日均已發送過
2025-07-28 14:28:06 [INFO] [14:28:06] 開始檢查合約狀態
2025-07-28 14:28:06 [INFO] SPY Px=637.53
2025-07-28 14:28:06 [WARNING] spy_put_aug29 收益=53.8% 已達目標
2025-07-28 14:28:06 [INFO] spy_put_aug29: Px=1.97 (+53.8%) Δ=0.115 (ΔΔ=-0.085) IV=0.1845 DTE=32
2025-07-28 14:28:06 [INFO] spy_call_aug29: Px=1.98 (-57.6%) Δ=0.174 (ΔΔ=+0.024) IV=0.1083 DTE=32
2025-07-28 14:28:06 [INFO] == 觸發警報 ==
2025-07-28 14:28:06 [INFO] [重複警報，已忽略] 💰 2025-07-28
spy_put_aug29 收益=53.8% 已達目標 50.0% (SE...
2025-07-28 14:28:06 [INFO] 所有警報今日均已發送過
2025-07-28 14:29:06 [INFO] [14:29:06] 開始檢查合約狀態
2025-07-28 14:29:06 [INFO] SPY Px=637.53
2025-07-28 14:29:06 [WARNING] spy_put_aug29 收益=53.8% 已達目標
2025-07-28 14:29:06 [INFO] spy_put_aug29: Px=1.97 (+53.8%) Δ=0.115 (ΔΔ=-0.085) IV=0.1845 DTE=32
2025-07-28 14:29:06 [INFO] spy_call_aug29: Px=1.98 (-57.6%) Δ=0.174 (ΔΔ=+0.024) IV=0.1083 DTE=32
2025-07-28 14:29:06 [INFO] == 觸發警報 ==
2025-07-28 14:29:06 [INFO] [重複警報，已忽略] 💰 2025-07-28
spy_put_aug29 收益=53.8% 已達目標 50.0% (SE...
2025-07-28 14:29:06 [INFO] 所有警報今日均已發送過
2025-07-28 14:30:06 [INFO] [14:30:06] 開始檢查合約狀態
2025-07-28 14:30:06 [INFO] SPY Px=637.76
2025-07-28 14:30:06 [WARNING] spy_put_aug29 收益=53.3% 已達目標
2025-07-28 14:30:06 [INFO] spy_put_aug29: Px=1.99 (+53.3%) Δ=0.115 (ΔΔ=-0.085) IV=0.1853 DTE=32
2025-07-28 14:30:06 [INFO] spy_call_aug29: Px=2.02 (-60.8%) Δ=0.176 (ΔΔ=+0.026) IV=0.1081 DTE=32
2025-07-28 14:30:06 [INFO] == 觸發警報 ==
2025-07-28 14:30:06 [INFO] [重複警報，已忽略] 💰 2025-07-28
spy_put_aug29 收益=53.3% 已達目標 50.0% (SE...
2025-07-28 14:30:06 [INFO] 所有警報今日均已發送過
2025-07-28 14:31:12 [INFO] [14:31:12] 開始檢查合約狀態
2025-07-28 14:31:12 [INFO] SPY Px=637.68
2025-07-28 14:31:12 [WARNING] spy_put_aug29 收益=53.3% 已達目標
2025-07-28 14:31:12 [INFO] spy_put_aug29: Px=1.99 (+53.3%) Δ=0.116 (ΔΔ=-0.084) IV=0.1853 DTE=32
2025-07-28 14:31:12 [INFO] spy_call_aug29: Px=2.02 (-60.8%) Δ=0.175 (ΔΔ=+0.025) IV=0.1084 DTE=32
2025-07-28 14:31:12 [INFO] == 觸發警報 ==
2025-07-28 14:31:12 [INFO] [重複警報，已忽略] 💰 2025-07-28
spy_put_aug29 收益=53.3% 已達目標 50.0% (SE...
2025-07-28 14:31:12 [INFO] 所有警報今日均已發送過
2025-07-28 14:32:12 [INFO] [14:32:12] 開始檢查合約狀態
2025-07-28 14:32:12 [INFO] SPY Px=637.72
2025-07-28 14:32:12 [WARNING] spy_put_aug29 收益=53.3% 已達目標
2025-07-28 14:32:12 [INFO] spy_put_aug29: Px=1.99 (+53.3%) Δ=0.114 (ΔΔ=-0.086) IV=0.1852 DTE=32
2025-07-28 14:32:12 [INFO] spy_call_aug29: Px=2.02 (-60.8%) Δ=0.179 (ΔΔ=+0.029) IV=0.1082 DTE=32
2025-07-28 14:32:12 [INFO] == 觸發警報 ==
2025-07-28 14:32:12 [INFO] [重複警報，已忽略] 💰 2025-07-28
spy_put_aug29 收益=53.3% 已達目標 50.0% (SE...
2025-07-28 14:32:12 [INFO] 所有警報今日均已發送過
2025-07-28 14:33:12 [INFO] [14:33:12] 開始檢查合約狀態
2025-07-28 14:33:12 [INFO] SPY Px=637.69
2025-07-28 14:33:12 [WARNING] spy_put_aug29 收益=53.5% 已達目標
2025-07-28 14:33:12 [INFO] spy_put_aug29: Px=1.98 (+53.5%) Δ=0.115 (ΔΔ=-0.085) IV=0.1852 DTE=32
2025-07-28 14:33:12 [INFO] spy_call_aug29: Px=2.02 (-60.8%) Δ=0.176 (ΔΔ=+0.026) IV=0.1084 DTE=32
2025-07-28 14:33:12 [INFO] == 觸發警報 ==
2025-07-28 14:33:12 [INFO] [重複警報，已忽略] 💰 2025-07-28
spy_put_aug29 收益=53.5% 已達目標 50.0% (SE...
2025-07-28 14:33:12 [INFO] 所有警報今日均已發送過
2025-07-28 14:34:12 [INFO] [14:34:12] 開始檢查合約狀態
2025-07-28 14:34:12 [INFO] SPY Px=637.61
2025-07-28 14:34:12 [WARNING] spy_put_aug29 收益=53.5% 已達目標
2025-07-28 14:34:12 [INFO] spy_put_aug29: Px=1.98 (+53.5%) Δ=0.115 (ΔΔ=-0.085) IV=0.1852 DTE=32
2025-07-28 14:34:12 [INFO] spy_call_aug29: Px=2.02 (-60.8%) Δ=0.175 (ΔΔ=+0.025) IV=0.1084 DTE=32
2025-07-28 14:34:12 [INFO] == 觸發警報 ==
2025-07-28 14:34:12 [INFO] [重複警報，已忽略] 💰 2025-07-28
spy_put_aug29 收益=53.5% 已達目標 50.0% (SE...
2025-07-28 14:34:12 [INFO] 所有警報今日均已發送過
2025-07-28 14:35:12 [INFO] [14:35:12] 開始檢查合約狀態
2025-07-28 14:35:12 [INFO] SPY Px=637.63
2025-07-28 14:35:12 [WARNING] spy_put_aug29 收益=53.3% 已達目標
2025-07-28 14:35:12 [INFO] spy_put_aug29: Px=1.99 (+53.3%) Δ=0.115 (ΔΔ=-0.085) IV=0.1852 DTE=32
2025-07-28 14:35:12 [INFO] spy_call_aug29: Px=2.02 (-60.8%) Δ=0.175 (ΔΔ=+0.025) IV=0.1084 DTE=32
2025-07-28 14:35:12 [INFO] == 觸發警報 ==
2025-07-28 14:35:12 [INFO] [重複警報，已忽略] 💰 2025-07-28
spy_put_aug29 收益=53.3% 已達目標 50.0% (SE...
2025-07-28 14:35:12 [INFO] 所有警報今日均已發送過
2025-07-28 14:36:17 [INFO] [14:36:17] 開始檢查合約狀態
2025-07-28 14:36:17 [INFO] SPY Px=637.47
2025-07-28 14:36:17 [WARNING] spy_put_aug29 收益=53.3% 已達目標
2025-07-28 14:36:17 [INFO] spy_put_aug29: Px=1.99 (+53.3%) Δ=0.116 (ΔΔ=-0.084) IV=0.1847 DTE=32
2025-07-28 14:36:17 [INFO] spy_call_aug29: Px=2.02 (-60.8%) Δ=0.173 (ΔΔ=+0.023) IV=0.1084 DTE=32
2025-07-28 14:36:17 [INFO] == 觸發警報 ==
2025-07-28 14:36:17 [INFO] [重複警報，已忽略] 💰 2025-07-28
spy_put_aug29 收益=53.3% 已達目標 50.0% (SE...
2025-07-28 14:36:17 [INFO] 所有警報今日均已發送過
2025-07-28 14:37:17 [INFO] [14:37:17] 開始檢查合約狀態
2025-07-28 14:37:17 [INFO] SPY Px=637.59
2025-07-28 14:37:17 [WARNING] spy_put_aug29 收益=53.3% 已達目標
2025-07-28 14:37:17 [INFO] spy_put_aug29: Px=1.99 (+53.3%) Δ=0.115 (ΔΔ=-0.085) IV=0.1847 DTE=32
2025-07-28 14:37:17 [INFO] spy_call_aug29: Px=2.02 (-60.8%) Δ=0.175 (ΔΔ=+0.025) IV=0.1084 DTE=32
2025-07-28 14:37:17 [INFO] == 觸發警報 ==
2025-07-28 14:37:17 [INFO] [重複警報，已忽略] 💰 2025-07-28
spy_put_aug29 收益=53.3% 已達目標 50.0% (SE...
2025-07-28 14:37:17 [INFO] 所有警報今日均已發送過
2025-07-28 14:38:17 [INFO] [14:38:17] 開始檢查合約狀態
2025-07-28 14:38:17 [INFO] SPY Px=637.54
2025-07-28 14:38:17 [WARNING] spy_put_aug29 收益=53.3% 已達目標
2025-07-28 14:38:17 [INFO] spy_put_aug29: Px=1.99 (+53.3%) Δ=0.116 (ΔΔ=-0.084) IV=0.1849 DTE=32
2025-07-28 14:38:17 [INFO] spy_call_aug29: Px=1.97 (-56.8%) Δ=0.174 (ΔΔ=+0.024) IV=0.1084 DTE=32
2025-07-28 14:38:17 [INFO] == 觸發警報 ==
2025-07-28 14:38:17 [INFO] [重複警報，已忽略] 💰 2025-07-28
spy_put_aug29 收益=53.3% 已達目標 50.0% (SE...
2025-07-28 14:38:17 [INFO] 所有警報今日均已發送過
2025-07-28 14:39:17 [INFO] [14:39:17] 開始檢查合約狀態
2025-07-28 14:39:17 [INFO] SPY Px=637.59
2025-07-28 14:39:17 [WARNING] spy_put_aug29 收益=53.3% 已達目標
2025-07-28 14:39:17 [INFO] spy_put_aug29: Px=1.99 (+53.3%) Δ=0.115 (ΔΔ=-0.085) IV=0.1844 DTE=32
2025-07-28 14:39:17 [INFO] spy_call_aug29: Px=1.97 (-56.8%) Δ=0.175 (ΔΔ=+0.025) IV=0.1084 DTE=32
2025-07-28 14:39:17 [INFO] == 觸發警報 ==
2025-07-28 14:39:17 [INFO] [重複警報，已忽略] 💰 2025-07-28
spy_put_aug29 收益=53.3% 已達目標 50.0% (SE...
2025-07-28 14:39:17 [INFO] 所有警報今日均已發送過
2025-07-28 14:40:17 [INFO] [14:40:17] 開始檢查合約狀態
2025-07-28 14:40:17 [INFO] SPY Px=637.67
2025-07-28 14:40:17 [WARNING] spy_put_aug29 收益=53.3% 已達目標
2025-07-28 14:40:17 [INFO] spy_put_aug29: Px=1.99 (+53.3%) Δ=0.114 (ΔΔ=-0.086) IV=0.1844 DTE=32
2025-07-28 14:40:17 [INFO] spy_call_aug29: Px=1.97 (-56.8%) Δ=0.176 (ΔΔ=+0.026) IV=0.1085 DTE=32
2025-07-28 14:40:17 [INFO] == 觸發警報 ==
2025-07-28 14:40:17 [INFO] [重複警報，已忽略] 💰 2025-07-28
spy_put_aug29 收益=53.3% 已達目標 50.0% (SE...
2025-07-28 14:40:17 [INFO] 所有警報今日均已發送過
2025-07-28 14:41:22 [INFO] [14:41:22] 開始檢查合約狀態
2025-07-28 14:41:22 [INFO] SPY Px=637.66
2025-07-28 14:41:22 [WARNING] spy_put_aug29 收益=53.3% 已達目標
2025-07-28 14:41:22 [INFO] spy_put_aug29: Px=1.99 (+53.3%) Δ=0.114 (ΔΔ=-0.086) IV=0.1844 DTE=32
2025-07-28 14:41:22 [INFO] spy_call_aug29: Px=1.97 (-56.8%) Δ=0.176 (ΔΔ=+0.026) IV=0.1085 DTE=32
2025-07-28 14:41:22 [INFO] == 觸發警報 ==
2025-07-28 14:41:22 [INFO] [重複警報，已忽略] 💰 2025-07-28
spy_put_aug29 收益=53.3% 已達目標 50.0% (SE...
2025-07-28 14:41:22 [INFO] 所有警報今日均已發送過
2025-07-28 14:42:22 [INFO] [14:42:22] 開始檢查合約狀態
2025-07-28 14:42:22 [INFO] SPY Px=637.83
2025-07-28 14:42:22 [WARNING] spy_put_aug29 收益=53.3% 已達目標
2025-07-28 14:42:22 [INFO] spy_put_aug29: Px=1.99 (+53.3%) Δ=0.113 (ΔΔ=-0.087) IV=0.1844 DTE=32
2025-07-28 14:42:22 [INFO] spy_call_aug29: Px=1.97 (-56.8%) Δ=0.178 (ΔΔ=+0.028) IV=0.1085 DTE=32
2025-07-28 14:42:22 [INFO] == 觸發警報 ==
2025-07-28 14:42:22 [INFO] [重複警報，已忽略] 💰 2025-07-28
spy_put_aug29 收益=53.3% 已達目標 50.0% (SE...
2025-07-28 14:42:22 [INFO] 所有警報今日均已發送過
2025-07-28 14:43:22 [INFO] [14:43:22] 開始檢查合約狀態
2025-07-28 14:43:22 [INFO] SPY Px=637.88
2025-07-28 14:43:22 [WARNING] spy_put_aug29 收益=53.3% 已達目標
2025-07-28 14:43:22 [INFO] spy_put_aug29: Px=1.99 (+53.3%) Δ=0.113 (ΔΔ=-0.087) IV=0.1844 DTE=32
2025-07-28 14:43:22 [INFO] spy_call_aug29: Px=1.97 (-56.8%) Δ=0.178 (ΔΔ=+0.028) IV=0.1085 DTE=32
2025-07-28 14:43:22 [INFO] == 觸發警報 ==
2025-07-28 14:43:22 [INFO] [重複警報，已忽略] 💰 2025-07-28
spy_put_aug29 收益=53.3% 已達目標 50.0% (SE...
2025-07-28 14:43:22 [INFO] 所有警報今日均已發送過
2025-07-28 14:44:22 [INFO] [14:44:22] 開始檢查合約狀態
2025-07-28 14:44:22 [INFO] SPY Px=637.78
2025-07-28 14:44:22 [WARNING] spy_put_aug29 收益=54.0% 已達目標
2025-07-28 14:44:22 [INFO] spy_put_aug29: Px=1.96 (+54.0%) Δ=0.114 (ΔΔ=-0.086) IV=0.1844 DTE=32
2025-07-28 14:44:22 [INFO] spy_call_aug29: Px=1.97 (-56.8%) Δ=0.177 (ΔΔ=+0.027) IV=0.1085 DTE=32
2025-07-28 14:44:22 [INFO] == 觸發警報 ==
2025-07-28 14:44:22 [INFO] [重複警報，已忽略] 💰 2025-07-28
spy_put_aug29 收益=54.0% 已達目標 50.0% (SE...
2025-07-28 14:44:22 [INFO] 所有警報今日均已發送過
2025-07-28 14:45:22 [INFO] [14:45:22] 開始檢查合約狀態
2025-07-28 14:45:22 [INFO] SPY Px=637.74
2025-07-28 14:45:22 [WARNING] spy_put_aug29 收益=54.0% 已達目標
2025-07-28 14:45:22 [INFO] spy_put_aug29: Px=1.96 (+54.0%) Δ=0.114 (ΔΔ=-0.086) IV=0.1844 DTE=32
2025-07-28 14:45:22 [INFO] spy_call_aug29: Px=1.97 (-56.8%) Δ=0.177 (ΔΔ=+0.027) IV=0.1085 DTE=32
2025-07-28 14:45:22 [INFO] == 觸發警報 ==
2025-07-28 14:45:22 [INFO] [重複警報，已忽略] 💰 2025-07-28
spy_put_aug29 收益=54.0% 已達目標 50.0% (SE...
2025-07-28 14:45:22 [INFO] 所有警報今日均已發送過
2025-07-28 14:46:27 [INFO] [14:46:27] 開始檢查合約狀態
2025-07-28 14:46:27 [INFO] SPY Px=637.71
2025-07-28 14:46:27 [WARNING] spy_put_aug29 收益=54.0% 已達目標
2025-07-28 14:46:27 [INFO] spy_put_aug29: Px=1.96 (+54.0%) Δ=0.115 (ΔΔ=-0.085) IV=0.1848 DTE=32
2025-07-28 14:46:27 [INFO] spy_call_aug29: Px=1.97 (-56.8%) Δ=0.176 (ΔΔ=+0.026) IV=0.1085 DTE=32
2025-07-28 14:46:27 [INFO] == 觸發警報 ==
2025-07-28 14:46:27 [INFO] [重複警報，已忽略] 💰 2025-07-28
spy_put_aug29 收益=54.0% 已達目標 50.0% (SE...
2025-07-28 14:46:27 [INFO] 所有警報今日均已發送過
2025-07-28 14:47:27 [INFO] [14:47:27] 開始檢查合約狀態
2025-07-28 14:47:27 [INFO] SPY Px=637.66
2025-07-28 14:47:27 [WARNING] spy_put_aug29 收益=54.0% 已達目標
2025-07-28 14:47:27 [INFO] spy_put_aug29: Px=1.96 (+54.0%) Δ=0.115 (ΔΔ=-0.085) IV=0.1848 DTE=32
2025-07-28 14:47:27 [INFO] spy_call_aug29: Px=1.97 (-56.8%) Δ=0.176 (ΔΔ=+0.026) IV=0.1085 DTE=32
2025-07-28 14:47:27 [INFO] == 觸發警報 ==
2025-07-28 14:47:27 [INFO] [重複警報，已忽略] 💰 2025-07-28
spy_put_aug29 收益=54.0% 已達目標 50.0% (SE...
2025-07-28 14:47:27 [INFO] 所有警報今日均已發送過
2025-07-28 14:48:27 [INFO] [14:48:27] 開始檢查合約狀態
2025-07-28 14:48:27 [INFO] SPY Px=637.73
2025-07-28 14:48:27 [WARNING] spy_put_aug29 收益=54.0% 已達目標
2025-07-28 14:48:27 [INFO] spy_put_aug29: Px=1.96 (+54.0%) Δ=0.114 (ΔΔ=-0.086) IV=0.1848 DTE=32
2025-07-28 14:48:27 [INFO] spy_call_aug29: Px=1.97 (-56.8%) Δ=0.177 (ΔΔ=+0.027) IV=0.1085 DTE=32
2025-07-28 14:48:27 [INFO] == 觸發警報 ==
2025-07-28 14:48:27 [INFO] [重複警報，已忽略] 💰 2025-07-28
spy_put_aug29 收益=54.0% 已達目標 50.0% (SE...
2025-07-28 14:48:27 [INFO] 所有警報今日均已發送過
2025-07-28 14:49:27 [INFO] [14:49:27] 開始檢查合約狀態
2025-07-28 14:49:27 [INFO] SPY Px=637.62
2025-07-28 14:49:27 [WARNING] spy_put_aug29 收益=54.0% 已達目標
2025-07-28 14:49:27 [INFO] spy_put_aug29: Px=1.96 (+54.0%) Δ=0.115 (ΔΔ=-0.085) IV=0.1848 DTE=32
2025-07-28 14:49:27 [INFO] spy_call_aug29: Px=1.97 (-56.8%) Δ=0.175 (ΔΔ=+0.025) IV=0.1085 DTE=32
2025-07-28 14:49:27 [INFO] == 觸發警報 ==
2025-07-28 14:49:27 [INFO] [重複警報，已忽略] 💰 2025-07-28
spy_put_aug29 收益=54.0% 已達目標 50.0% (SE...
2025-07-28 14:49:27 [INFO] 所有警報今日均已發送過
2025-07-28 14:50:27 [INFO] [14:50:27] 開始檢查合約狀態
2025-07-28 14:50:27 [INFO] SPY Px=637.59
2025-07-28 14:50:27 [WARNING] spy_put_aug29 收益=54.0% 已達目標
2025-07-28 14:50:27 [INFO] spy_put_aug29: Px=1.96 (+54.0%) Δ=0.115 (ΔΔ=-0.085) IV=0.1848 DTE=32
2025-07-28 14:50:27 [INFO] spy_call_aug29: Px=1.97 (-56.8%) Δ=0.175 (ΔΔ=+0.025) IV=0.1085 DTE=32
2025-07-28 14:50:27 [INFO] == 觸發警報 ==
2025-07-28 14:50:27 [INFO] [重複警報，已忽略] 💰 2025-07-28
spy_put_aug29 收益=54.0% 已達目標 50.0% (SE...
2025-07-28 14:50:27 [INFO] 所有警報今日均已發送過
2025-07-28 14:51:33 [INFO] [14:51:33] 開始檢查合約狀態
2025-07-28 14:51:33 [INFO] SPY Px=637.61
2025-07-28 14:51:33 [WARNING] spy_put_aug29 收益=54.0% 已達目標
2025-07-28 14:51:33 [INFO] spy_put_aug29: Px=1.96 (+54.0%) Δ=0.115 (ΔΔ=-0.085) IV=0.1848 DTE=32
2025-07-28 14:51:33 [INFO] spy_call_aug29: Px=1.97 (-56.8%) Δ=0.175 (ΔΔ=+0.025) IV=0.1085 DTE=32
2025-07-28 14:51:33 [INFO] == 觸發警報 ==
2025-07-28 14:51:33 [INFO] [重複警報，已忽略] 💰 2025-07-28
spy_put_aug29 收益=54.0% 已達目標 50.0% (SE...
2025-07-28 14:51:33 [INFO] 所有警報今日均已發送過
2025-07-28 14:52:33 [INFO] [14:52:33] 開始檢查合約狀態
2025-07-28 14:52:33 [INFO] SPY Px=637.53
2025-07-28 14:52:33 [WARNING] spy_put_aug29 收益=54.0% 已達目標
2025-07-28 14:52:33 [INFO] spy_put_aug29: Px=1.96 (+54.0%) Δ=0.116 (ΔΔ=-0.084) IV=0.1848 DTE=32
2025-07-28 14:52:33 [INFO] spy_call_aug29: Px=1.97 (-56.8%) Δ=0.174 (ΔΔ=+0.024) IV=0.1085 DTE=32
2025-07-28 14:52:33 [INFO] == 觸發警報 ==
2025-07-28 14:52:33 [INFO] [重複警報，已忽略] 💰 2025-07-28
spy_put_aug29 收益=54.0% 已達目標 50.0% (SE...
2025-07-28 14:52:33 [INFO] 所有警報今日均已發送過
2025-07-28 14:53:33 [INFO] [14:53:33] 開始檢查合約狀態
2025-07-28 14:53:33 [INFO] SPY Px=637.36
2025-07-28 14:53:33 [WARNING] spy_put_aug29 收益=53.5% 已達目標
2025-07-28 14:53:33 [INFO] spy_put_aug29: Px=1.98 (+53.5%) Δ=0.114 (ΔΔ=-0.086) IV=0.1843 DTE=32
2025-07-28 14:53:33 [INFO] spy_call_aug29: Px=1.89 (-50.5%) Δ=0.176 (ΔΔ=+0.026) IV=0.1076 DTE=32
2025-07-28 14:53:33 [INFO] == 觸發警報 ==
2025-07-28 14:53:33 [INFO] [重複警報，已忽略] 💰 2025-07-28
spy_put_aug29 收益=53.5% 已達目標 50.0% (SE...
2025-07-28 14:53:33 [INFO] 所有警報今日均已發送過
2025-07-28 14:54:33 [INFO] [14:54:33] 開始檢查合約狀態
2025-07-28 14:54:33 [INFO] SPY Px=637.34
2025-07-28 14:54:33 [WARNING] spy_put_aug29 收益=53.5% 已達目標
2025-07-28 14:54:33 [INFO] spy_put_aug29: Px=1.98 (+53.5%) Δ=0.117 (ΔΔ=-0.083) IV=0.1848 DTE=32
2025-07-28 14:54:33 [INFO] spy_call_aug29: Px=1.89 (-50.5%) Δ=0.172 (ΔΔ=+0.022) IV=0.1085 DTE=32
2025-07-28 14:54:33 [INFO] == 觸發警報 ==
2025-07-28 14:54:33 [INFO] [重複警報，已忽略] 💰 2025-07-28
spy_put_aug29 收益=53.5% 已達目標 50.0% (SE...
2025-07-28 14:54:33 [INFO] 所有警報今日均已發送過
2025-07-28 14:55:33 [INFO] [14:55:33] 開始檢查合約狀態
2025-07-28 14:55:33 [INFO] SPY Px=637.34
2025-07-28 14:55:33 [WARNING] spy_put_aug29 收益=53.5% 已達目標
2025-07-28 14:55:33 [INFO] spy_put_aug29: Px=1.98 (+53.5%) Δ=0.116 (ΔΔ=-0.084) IV=0.1842 DTE=32
2025-07-28 14:55:33 [INFO] spy_call_aug29: Px=1.89 (-50.5%) Δ=0.170 (ΔΔ=+0.020) IV=0.1075 DTE=32
2025-07-28 14:55:33 [INFO] == 觸發警報 ==
2025-07-28 14:55:33 [INFO] [重複警報，已忽略] 💰 2025-07-28
spy_put_aug29 收益=53.5% 已達目標 50.0% (SE...
2025-07-28 14:55:33 [INFO] 所有警報今日均已發送過
2025-07-28 14:56:38 [INFO] [14:56:38] 開始檢查合約狀態
2025-07-28 14:56:38 [INFO] SPY Px=637.35
2025-07-28 14:56:38 [WARNING] spy_put_aug29 收益=53.3% 已達目標
2025-07-28 14:56:38 [INFO] spy_put_aug29: Px=1.99 (+53.3%) Δ=0.116 (ΔΔ=-0.084) IV=0.1842 DTE=32
2025-07-28 14:56:38 [INFO] spy_call_aug29: Px=1.89 (-50.5%) Δ=0.169 (ΔΔ=+0.019) IV=0.1075 DTE=32
2025-07-28 14:56:38 [INFO] == 觸發警報 ==
2025-07-28 14:56:38 [INFO] [重複警報，已忽略] 💰 2025-07-28
spy_put_aug29 收益=53.3% 已達目標 50.0% (SE...
2025-07-28 14:56:38 [INFO] 所有警報今日均已發送過
2025-07-28 14:57:38 [INFO] [14:57:38] 開始檢查合約狀態
2025-07-28 14:57:38 [INFO] SPY Px=637.30
2025-07-28 14:57:38 [WARNING] spy_put_aug29 收益=53.3% 已達目標
2025-07-28 14:57:38 [INFO] spy_put_aug29: Px=1.99 (+53.3%) Δ=0.116 (ΔΔ=-0.084) IV=0.1843 DTE=32
2025-07-28 14:57:38 [INFO] spy_call_aug29: Px=1.89 (-50.5%) Δ=0.169 (ΔΔ=+0.019) IV=0.1075 DTE=32
2025-07-28 14:57:38 [INFO] == 觸發警報 ==
2025-07-28 14:57:38 [INFO] [重複警報，已忽略] 💰 2025-07-28
spy_put_aug29 收益=53.3% 已達目標 50.0% (SE...
2025-07-28 14:57:38 [INFO] 所有警報今日均已發送過
2025-07-28 14:58:38 [INFO] [14:58:38] 開始檢查合約狀態
2025-07-28 14:58:38 [INFO] SPY Px=637.43
2025-07-28 14:58:38 [WARNING] spy_put_aug29 收益=53.3% 已達目標
2025-07-28 14:58:38 [INFO] spy_put_aug29: Px=1.99 (+53.3%) Δ=0.116 (ΔΔ=-0.084) IV=0.1843 DTE=32
2025-07-28 14:58:38 [INFO] spy_call_aug29: Px=1.89 (-50.5%) Δ=0.170 (ΔΔ=+0.020) IV=0.1075 DTE=32
2025-07-28 14:58:38 [INFO] == 觸發警報 ==
2025-07-28 14:58:38 [INFO] [重複警報，已忽略] 💰 2025-07-28
spy_put_aug29 收益=53.3% 已達目標 50.0% (SE...
2025-07-28 14:58:38 [INFO] 所有警報今日均已發送過
2025-07-28 14:59:38 [INFO] [14:59:38] 開始檢查合約狀態
2025-07-28 14:59:38 [INFO] SPY Px=637.42
2025-07-28 14:59:38 [WARNING] spy_put_aug29 收益=53.3% 已達目標
2025-07-28 14:59:38 [INFO] spy_put_aug29: Px=1.99 (+53.3%) Δ=0.115 (ΔΔ=-0.085) IV=0.1841 DTE=32
2025-07-28 14:59:38 [INFO] spy_call_aug29: Px=1.89 (-50.5%) Δ=0.170 (ΔΔ=+0.020) IV=0.1075 DTE=32
2025-07-28 14:59:38 [INFO] == 觸發警報 ==
2025-07-28 14:59:38 [INFO] [重複警報，已忽略] 💰 2025-07-28
spy_put_aug29 收益=53.3% 已達目標 50.0% (SE...
2025-07-28 14:59:38 [INFO] 所有警報今日均已發送過
2025-07-28 15:00:38 [INFO] [15:00:38] 開始檢查合約狀態
2025-07-28 15:00:38 [INFO] SPY Px=637.39
2025-07-28 15:00:38 [WARNING] spy_put_aug29 收益=53.3% 已達目標
2025-07-28 15:00:38 [INFO] spy_put_aug29: Px=1.99 (+53.3%) Δ=0.116 (ΔΔ=-0.084) IV=0.1841 DTE=32
2025-07-28 15:00:38 [INFO] spy_call_aug29: Px=1.89 (-50.5%) Δ=0.170 (ΔΔ=+0.020) IV=0.1075 DTE=32
2025-07-28 15:00:38 [INFO] == 觸發警報 ==
2025-07-28 15:00:38 [INFO] [重複警報，已忽略] 💰 2025-07-28
spy_put_aug29 收益=53.3% 已達目標 50.0% (SE...
2025-07-28 15:00:38 [INFO] 所有警報今日均已發送過
2025-07-28 15:01:43 [INFO] [15:01:43] 開始檢查合約狀態
2025-07-28 15:01:43 [INFO] SPY Px=637.26
2025-07-28 15:01:43 [WARNING] spy_put_aug29 收益=53.3% 已達目標
2025-07-28 15:01:43 [INFO] spy_put_aug29: Px=1.99 (+53.3%) Δ=0.116 (ΔΔ=-0.084) IV=0.1841 DTE=32
2025-07-28 15:01:43 [INFO] spy_call_aug29: Px=1.89 (-50.5%) Δ=0.168 (ΔΔ=+0.018) IV=0.1075 DTE=32
2025-07-28 15:01:43 [INFO] == 觸發警報 ==
2025-07-28 15:01:43 [INFO] [重複警報，已忽略] 💰 2025-07-28
spy_put_aug29 收益=53.3% 已達目標 50.0% (SE...
2025-07-28 15:01:43 [INFO] 所有警報今日均已發送過
2025-07-28 15:02:43 [INFO] [15:02:43] 開始檢查合約狀態
2025-07-28 15:02:43 [INFO] SPY Px=637.30
2025-07-28 15:02:43 [WARNING] spy_put_aug29 收益=53.3% 已達目標
2025-07-28 15:02:43 [INFO] spy_put_aug29: Px=1.99 (+53.3%) Δ=0.116 (ΔΔ=-0.084) IV=0.1841 DTE=32
2025-07-28 15:02:43 [INFO] spy_call_aug29: Px=1.89 (-50.5%) Δ=0.169 (ΔΔ=+0.019) IV=0.1075 DTE=32
2025-07-28 15:02:43 [INFO] == 觸發警報 ==
2025-07-28 15:02:43 [INFO] [重複警報，已忽略] 💰 2025-07-28
spy_put_aug29 收益=53.3% 已達目標 50.0% (SE...
2025-07-28 15:02:43 [INFO] 所有警報今日均已發送過
2025-07-28 15:03:43 [INFO] [15:03:43] 開始檢查合約狀態
2025-07-28 15:03:43 [INFO] SPY Px=637.37
2025-07-28 15:03:43 [WARNING] spy_put_aug29 收益=53.3% 已達目標
2025-07-28 15:03:43 [INFO] spy_put_aug29: Px=1.99 (+53.3%) Δ=0.116 (ΔΔ=-0.084) IV=0.1842 DTE=32
2025-07-28 15:03:43 [INFO] spy_call_aug29: Px=1.89 (-50.5%) Δ=0.170 (ΔΔ=+0.020) IV=0.1075 DTE=32
2025-07-28 15:03:43 [INFO] == 觸發警報 ==
2025-07-28 15:03:43 [INFO] [重複警報，已忽略] 💰 2025-07-28
spy_put_aug29 收益=53.3% 已達目標 50.0% (SE...
2025-07-28 15:03:43 [INFO] 所有警報今日均已發送過
2025-07-28 15:04:43 [INFO] [15:04:43] 開始檢查合約狀態
2025-07-28 15:04:43 [INFO] SPY Px=637.39
2025-07-28 15:04:43 [WARNING] spy_put_aug29 收益=53.3% 已達目標
2025-07-28 15:04:43 [INFO] spy_put_aug29: Px=1.99 (+53.3%) Δ=0.116 (ΔΔ=-0.084) IV=0.1842 DTE=32
2025-07-28 15:04:43 [INFO] spy_call_aug29: Px=1.89 (-50.5%) Δ=0.170 (ΔΔ=+0.020) IV=0.1075 DTE=32
2025-07-28 15:04:43 [INFO] == 觸發警報 ==
2025-07-28 15:04:43 [INFO] [重複警報，已忽略] 💰 2025-07-28
spy_put_aug29 收益=53.3% 已達目標 50.0% (SE...
2025-07-28 15:04:43 [INFO] 所有警報今日均已發送過
2025-07-28 15:05:43 [INFO] [15:05:43] 開始檢查合約狀態
2025-07-28 15:05:43 [INFO] SPY Px=637.45
2025-07-28 15:05:43 [WARNING] spy_put_aug29 收益=53.3% 已達目標
2025-07-28 15:05:43 [INFO] spy_put_aug29: Px=1.99 (+53.3%) Δ=0.115 (ΔΔ=-0.085) IV=0.1842 DTE=32
2025-07-28 15:05:43 [INFO] spy_call_aug29: Px=1.89 (-50.5%) Δ=0.170 (ΔΔ=+0.020) IV=0.1075 DTE=32
2025-07-28 15:05:43 [INFO] == 觸發警報 ==
2025-07-28 15:05:43 [INFO] [重複警報，已忽略] 💰 2025-07-28
spy_put_aug29 收益=53.3% 已達目標 50.0% (SE...
2025-07-28 15:05:43 [INFO] 所有警報今日均已發送過
2025-07-28 15:06:49 [INFO] [15:06:49] 開始檢查合約狀態
2025-07-28 15:06:49 [INFO] SPY Px=637.39
2025-07-28 15:06:49 [WARNING] spy_put_aug29 收益=53.3% 已達目標
2025-07-28 15:06:49 [INFO] spy_put_aug29: Px=1.99 (+53.3%) Δ=0.116 (ΔΔ=-0.084) IV=0.1842 DTE=32
2025-07-28 15:06:49 [INFO] spy_call_aug29: Px=1.89 (-50.5%) Δ=0.170 (ΔΔ=+0.020) IV=0.1075 DTE=32
2025-07-28 15:06:49 [INFO] == 觸發警報 ==
2025-07-28 15:06:49 [INFO] [重複警報，已忽略] 💰 2025-07-28
spy_put_aug29 收益=53.3% 已達目標 50.0% (SE...
2025-07-28 15:06:49 [INFO] 所有警報今日均已發送過
2025-07-28 15:07:49 [INFO] [15:07:49] 開始檢查合約狀態
2025-07-28 15:07:49 [INFO] SPY Px=637.41
2025-07-28 15:07:49 [WARNING] spy_put_aug29 收益=53.3% 已達目標
2025-07-28 15:07:49 [INFO] spy_put_aug29: Px=1.99 (+53.3%) Δ=0.116 (ΔΔ=-0.084) IV=0.1842 DTE=32
2025-07-28 15:07:49 [INFO] spy_call_aug29: Px=1.89 (-50.5%) Δ=0.170 (ΔΔ=+0.020) IV=0.1075 DTE=32
2025-07-28 15:07:49 [INFO] == 觸發警報 ==
2025-07-28 15:07:49 [INFO] [重複警報，已忽略] 💰 2025-07-28
spy_put_aug29 收益=53.3% 已達目標 50.0% (SE...
2025-07-28 15:07:49 [INFO] 所有警報今日均已發送過
2025-07-28 15:08:49 [INFO] [15:08:49] 開始檢查合約狀態
2025-07-28 15:08:49 [INFO] SPY Px=637.43
2025-07-28 15:08:49 [WARNING] spy_put_aug29 收益=53.3% 已達目標
2025-07-28 15:08:49 [INFO] spy_put_aug29: Px=1.99 (+53.3%) Δ=0.116 (ΔΔ=-0.084) IV=0.1844 DTE=32
2025-07-28 15:08:49 [INFO] spy_call_aug29: Px=1.89 (-50.5%) Δ=0.170 (ΔΔ=+0.020) IV=0.1073 DTE=32
2025-07-28 15:08:49 [INFO] == 觸發警報 ==
2025-07-28 15:08:49 [INFO] [重複警報，已忽略] 💰 2025-07-28
spy_put_aug29 收益=53.3% 已達目標 50.0% (SE...
2025-07-28 15:08:49 [INFO] 所有警報今日均已發送過
2025-07-28 15:09:49 [INFO] [15:09:49] 開始檢查合約狀態
2025-07-28 15:09:49 [INFO] SPY Px=637.40
2025-07-28 15:09:49 [WARNING] spy_put_aug29 收益=53.3% 已達目標
2025-07-28 15:09:49 [INFO] spy_put_aug29: Px=1.99 (+53.3%) Δ=0.116 (ΔΔ=-0.084) IV=0.1844 DTE=32
2025-07-28 15:09:49 [INFO] spy_call_aug29: Px=1.89 (-50.5%) Δ=0.170 (ΔΔ=+0.020) IV=0.1073 DTE=32
2025-07-28 15:09:49 [INFO] == 觸發警報 ==
2025-07-28 15:09:49 [INFO] [重複警報，已忽略] 💰 2025-07-28
spy_put_aug29 收益=53.3% 已達目標 50.0% (SE...
2025-07-28 15:09:49 [INFO] 所有警報今日均已發送過
2025-07-28 15:10:49 [INFO] [15:10:49] 開始檢查合約狀態
2025-07-28 15:10:49 [INFO] SPY Px=637.37
2025-07-28 15:10:49 [WARNING] spy_put_aug29 收益=53.3% 已達目標
2025-07-28 15:10:49 [INFO] spy_put_aug29: Px=1.99 (+53.3%) Δ=0.116 (ΔΔ=-0.084) IV=0.1844 DTE=32
2025-07-28 15:10:49 [INFO] spy_call_aug29: Px=1.89 (-50.5%) Δ=0.169 (ΔΔ=+0.019) IV=0.1073 DTE=32
2025-07-28 15:10:49 [INFO] == 觸發警報 ==
2025-07-28 15:10:49 [INFO] [重複警報，已忽略] 💰 2025-07-28
spy_put_aug29 收益=53.3% 已達目標 50.0% (SE...
2025-07-28 15:10:49 [INFO] 所有警報今日均已發送過
2025-07-28 15:11:54 [INFO] [15:11:54] 開始檢查合約狀態
2025-07-28 15:11:54 [INFO] SPY Px=637.40
2025-07-28 15:11:54 [WARNING] spy_put_aug29 收益=53.3% 已達目標
2025-07-28 15:11:54 [INFO] spy_put_aug29: Px=1.99 (+53.3%) Δ=0.116 (ΔΔ=-0.084) IV=0.1844 DTE=32
2025-07-28 15:11:54 [INFO] spy_call_aug29: Px=1.89 (-50.5%) Δ=0.170 (ΔΔ=+0.020) IV=0.1073 DTE=32
2025-07-28 15:11:54 [INFO] == 觸發警報 ==
2025-07-28 15:11:54 [INFO] [重複警報，已忽略] 💰 2025-07-28
spy_put_aug29 收益=53.3% 已達目標 50.0% (SE...
2025-07-28 15:11:54 [INFO] 所有警報今日均已發送過
2025-07-28 15:12:54 [INFO] [15:12:54] 開始檢查合約狀態
2025-07-28 15:12:54 [INFO] SPY Px=637.33
2025-07-28 15:12:54 [WARNING] spy_put_aug29 收益=53.3% 已達目標
2025-07-28 15:12:54 [INFO] spy_put_aug29: Px=1.99 (+53.3%) Δ=0.116 (ΔΔ=-0.084) IV=0.1844 DTE=32
2025-07-28 15:12:54 [INFO] spy_call_aug29: Px=1.89 (-50.5%) Δ=0.169 (ΔΔ=+0.019) IV=0.1073 DTE=32
2025-07-28 15:12:54 [INFO] == 觸發警報 ==
2025-07-28 15:12:54 [INFO] [重複警報，已忽略] 💰 2025-07-28
spy_put_aug29 收益=53.3% 已達目標 50.0% (SE...
2025-07-28 15:12:54 [INFO] 所有警報今日均已發送過
2025-07-28 15:13:54 [INFO] [15:13:54] 開始檢查合約狀態
2025-07-28 15:13:54 [INFO] SPY Px=637.29
2025-07-28 15:13:54 [WARNING] spy_put_aug29 收益=53.3% 已達目標
2025-07-28 15:13:54 [INFO] spy_put_aug29: Px=1.99 (+53.3%) Δ=0.116 (ΔΔ=-0.084) IV=0.1844 DTE=32
2025-07-28 15:13:54 [INFO] spy_call_aug29: Px=1.86 (-48.1%) Δ=0.168 (ΔΔ=+0.018) IV=0.1074 DTE=32
2025-07-28 15:13:54 [INFO] == 觸發警報 ==
2025-07-28 15:13:54 [INFO] [重複警報，已忽略] 💰 2025-07-28
spy_put_aug29 收益=53.3% 已達目標 50.0% (SE...
2025-07-28 15:13:54 [INFO] 所有警報今日均已發送過
2025-07-28 15:14:54 [INFO] [15:14:54] 開始檢查合約狀態
2025-07-28 15:14:54 [INFO] SPY Px=637.36
2025-07-28 15:14:54 [WARNING] spy_put_aug29 收益=53.3% 已達目標
2025-07-28 15:14:54 [INFO] spy_put_aug29: Px=1.99 (+53.3%) Δ=0.116 (ΔΔ=-0.084) IV=0.1844 DTE=32
2025-07-28 15:14:54 [INFO] spy_call_aug29: Px=1.86 (-48.1%) Δ=0.169 (ΔΔ=+0.019) IV=0.1073 DTE=32
2025-07-28 15:14:54 [INFO] == 觸發警報 ==
2025-07-28 15:14:54 [INFO] [重複警報，已忽略] 💰 2025-07-28
spy_put_aug29 收益=53.3% 已達目標 50.0% (SE...
2025-07-28 15:14:54 [INFO] 所有警報今日均已發送過
2025-07-28 15:15:54 [INFO] [15:15:54] 開始檢查合約狀態
2025-07-28 15:15:54 [INFO] SPY Px=637.37
2025-07-28 15:15:54 [WARNING] spy_put_aug29 收益=53.3% 已達目標
2025-07-28 15:15:54 [INFO] spy_put_aug29: Px=1.99 (+53.3%) Δ=0.116 (ΔΔ=-0.084) IV=0.1844 DTE=32
2025-07-28 15:15:54 [INFO] spy_call_aug29: Px=1.86 (-48.1%) Δ=0.169 (ΔΔ=+0.019) IV=0.1071 DTE=32
2025-07-28 15:15:54 [INFO] == 觸發警報 ==
2025-07-28 15:15:54 [INFO] [重複警報，已忽略] 💰 2025-07-28
spy_put_aug29 收益=53.3% 已達目標 50.0% (SE...
2025-07-28 15:15:54 [INFO] 所有警報今日均已發送過
2025-07-28 15:16:59 [INFO] [15:16:59] 開始檢查合約狀態
2025-07-28 15:16:59 [INFO] SPY Px=637.43
2025-07-28 15:16:59 [WARNING] spy_put_aug29 收益=53.3% 已達目標
2025-07-28 15:16:59 [INFO] spy_put_aug29: Px=1.99 (+53.3%) Δ=0.116 (ΔΔ=-0.084) IV=0.1844 DTE=32
2025-07-28 15:16:59 [INFO] spy_call_aug29: Px=1.86 (-48.1%) Δ=0.170 (ΔΔ=+0.020) IV=0.1071 DTE=32
2025-07-28 15:16:59 [INFO] == 觸發警報 ==
2025-07-28 15:16:59 [INFO] [重複警報，已忽略] 💰 2025-07-28
spy_put_aug29 收益=53.3% 已達目標 50.0% (SE...
2025-07-28 15:16:59 [INFO] 所有警報今日均已發送過
2025-07-28 15:17:59 [INFO] [15:17:59] 開始檢查合約狀態
2025-07-28 15:17:59 [INFO] SPY Px=637.22
2025-07-28 15:17:59 [WARNING] spy_put_aug29 收益=53.3% 已達目標
2025-07-28 15:17:59 [INFO] spy_put_aug29: Px=1.99 (+53.3%) Δ=0.117 (ΔΔ=-0.083) IV=0.1844 DTE=32
2025-07-28 15:17:59 [INFO] spy_call_aug29: Px=1.86 (-48.1%) Δ=0.167 (ΔΔ=+0.017) IV=0.1071 DTE=32
2025-07-28 15:17:59 [INFO] == 觸發警報 ==
2025-07-28 15:17:59 [INFO] [重複警報，已忽略] 💰 2025-07-28
spy_put_aug29 收益=53.3% 已達目標 50.0% (SE...
2025-07-28 15:17:59 [INFO] 所有警報今日均已發送過
2025-07-28 15:18:59 [INFO] [15:18:59] 開始檢查合約狀態
2025-07-28 15:18:59 [INFO] SPY Px=636.94
2025-07-28 15:18:59 [WARNING] spy_put_aug29 收益=53.1% 已達目標
2025-07-28 15:18:59 [INFO] spy_put_aug29: Px=2.00 (+53.1%) Δ=0.118 (ΔΔ=-0.082) IV=0.1844 DTE=32
2025-07-28 15:18:59 [INFO] spy_call_aug29: Px=1.83 (-45.7%) Δ=0.164 (ΔΔ=+0.014) IV=0.1071 DTE=32
2025-07-28 15:18:59 [INFO] == 觸發警報 ==
2025-07-28 15:18:59 [INFO] [重複警報，已忽略] 💰 2025-07-28
spy_put_aug29 收益=53.1% 已達目標 50.0% (SE...
2025-07-28 15:18:59 [INFO] 所有警報今日均已發送過
2025-07-28 15:19:59 [INFO] [15:19:59] 開始檢查合約狀態
2025-07-28 15:19:59 [INFO] SPY Px=636.74
2025-07-28 15:19:59 [WARNING] spy_put_aug29 收益=51.6% 已達目標
2025-07-28 15:19:59 [INFO] spy_put_aug29: Px=2.06 (+51.6%) Δ=0.119 (ΔΔ=-0.081) IV=0.1842 DTE=32
2025-07-28 15:19:59 [INFO] spy_call_aug29: Px=1.83 (-45.7%) Δ=0.161 (ΔΔ=+0.011) IV=0.1073 DTE=32
2025-07-28 15:19:59 [INFO] == 觸發警報 ==
2025-07-28 15:19:59 [INFO] [重複警報，已忽略] 💰 2025-07-28
spy_put_aug29 收益=51.6% 已達目標 50.0% (SE...
2025-07-28 15:19:59 [INFO] 所有警報今日均已發送過
2025-07-28 15:20:59 [INFO] [15:20:59] 開始檢查合約狀態
2025-07-28 15:20:59 [INFO] SPY Px=636.33
2025-07-28 15:20:59 [WARNING] spy_put_aug29 收益=50.7% 已達目標
2025-07-28 15:20:59 [INFO] spy_put_aug29: Px=2.10 (+50.7%) Δ=0.121 (ΔΔ=-0.079) IV=0.1842 DTE=32
2025-07-28 15:20:59 [INFO] spy_call_aug29: Px=1.83 (-45.7%) Δ=0.157 (ΔΔ=+0.007) IV=0.1073 DTE=32
2025-07-28 15:20:59 [INFO] == 觸發警報 ==
2025-07-28 15:20:59 [INFO] [重複警報，已忽略] 💰 2025-07-28
spy_put_aug29 收益=50.7% 已達目標 50.0% (SE...
2025-07-28 15:20:59 [INFO] 所有警報今日均已發送過
2025-07-28 15:22:04 [INFO] [15:22:04] 開始檢查合約狀態
2025-07-28 15:22:04 [INFO] SPY Px=636.64
2025-07-28 15:22:04 [WARNING] spy_put_aug29 收益=50.7% 已達目標
2025-07-28 15:22:04 [INFO] spy_put_aug29: Px=2.10 (+50.7%) Δ=0.120 (ΔΔ=-0.080) IV=0.1845 DTE=32
2025-07-28 15:22:04 [INFO] spy_call_aug29: Px=1.76 (-40.1%) Δ=0.160 (ΔΔ=+0.010) IV=0.1073 DTE=32
2025-07-28 15:22:04 [INFO] == 觸發警報 ==
2025-07-28 15:22:04 [INFO] [重複警報，已忽略] 💰 2025-07-28
spy_put_aug29 收益=50.7% 已達目標 50.0% (SE...
2025-07-28 15:22:04 [INFO] 所有警報今日均已發送過
2025-07-28 15:23:04 [INFO] [15:23:04] 開始檢查合約狀態
2025-07-28 15:23:04 [INFO] SPY Px=636.73
2025-07-28 15:23:04 [WARNING] spy_put_aug29 收益=51.2% 已達目標
2025-07-28 15:23:04 [INFO] spy_put_aug29: Px=2.08 (+51.2%) Δ=0.119 (ΔΔ=-0.081) IV=0.1842 DTE=32
2025-07-28 15:23:04 [INFO] spy_call_aug29: Px=1.76 (-40.1%) Δ=0.161 (ΔΔ=+0.011) IV=0.1073 DTE=32
2025-07-28 15:23:04 [INFO] == 觸發警報 ==
2025-07-28 15:23:04 [INFO] [重複警報，已忽略] 💰 2025-07-28
spy_put_aug29 收益=51.2% 已達目標 50.0% (SE...
2025-07-28 15:23:04 [INFO] 所有警報今日均已發送過
2025-07-28 15:24:04 [INFO] [15:24:04] 開始檢查合約狀態
2025-07-28 15:24:04 [INFO] SPY Px=636.84
2025-07-28 15:24:04 [WARNING] spy_put_aug29 收益=52.1% 已達目標
2025-07-28 15:24:04 [INFO] spy_put_aug29: Px=2.04 (+52.1%) Δ=0.119 (ΔΔ=-0.081) IV=0.1843 DTE=32
2025-07-28 15:24:04 [INFO] spy_call_aug29: Px=1.76 (-40.1%) Δ=0.166 (ΔΔ=+0.016) IV=0.1088 DTE=32
2025-07-28 15:24:04 [INFO] == 觸發警報 ==
2025-07-28 15:24:04 [INFO] [重複警報，已忽略] 💰 2025-07-28
spy_put_aug29 收益=52.1% 已達目標 50.0% (SE...
2025-07-28 15:24:04 [INFO] 所有警報今日均已發送過
2025-07-28 15:25:04 [INFO] [15:25:04] 開始檢查合約狀態
2025-07-28 15:25:04 [INFO] SPY Px=636.95
2025-07-28 15:25:04 [WARNING] spy_put_aug29 收益=52.1% 已達目標
2025-07-28 15:25:04 [INFO] spy_put_aug29: Px=2.04 (+52.1%) Δ=0.118 (ΔΔ=-0.082) IV=0.1843 DTE=32
2025-07-28 15:25:04 [INFO] spy_call_aug29: Px=1.76 (-40.1%) Δ=0.168 (ΔΔ=+0.018) IV=0.1088 DTE=32
2025-07-28 15:25:04 [INFO] == 觸發警報 ==
2025-07-28 15:25:04 [INFO] [重複警報，已忽略] 💰 2025-07-28
spy_put_aug29 收益=52.1% 已達目標 50.0% (SE...
2025-07-28 15:25:04 [INFO] 所有警報今日均已發送過
2025-07-28 15:26:04 [INFO] [15:26:04] 開始檢查合約狀態
2025-07-28 15:26:04 [INFO] SPY Px=636.91
2025-07-28 15:26:04 [WARNING] spy_put_aug29 收益=52.1% 已達目標
2025-07-28 15:26:04 [INFO] spy_put_aug29: Px=2.04 (+52.1%) Δ=0.118 (ΔΔ=-0.082) IV=0.1843 DTE=32
2025-07-28 15:26:04 [INFO] spy_call_aug29: Px=1.76 (-40.1%) Δ=0.167 (ΔΔ=+0.017) IV=0.1088 DTE=32
2025-07-28 15:26:04 [INFO] == 觸發警報 ==
2025-07-28 15:26:04 [INFO] [重複警報，已忽略] 💰 2025-07-28
spy_put_aug29 收益=52.1% 已達目標 50.0% (SE...
2025-07-28 15:26:04 [INFO] 所有警報今日均已發送過
2025-07-28 15:27:10 [INFO] [15:27:10] 開始檢查合約狀態
2025-07-28 15:27:10 [INFO] SPY Px=636.87
2025-07-28 15:27:10 [WARNING] spy_put_aug29 收益=52.1% 已達目標
2025-07-28 15:27:10 [INFO] spy_put_aug29: Px=2.04 (+52.1%) Δ=0.119 (ΔΔ=-0.081) IV=0.1844 DTE=32
2025-07-28 15:27:10 [INFO] spy_call_aug29: Px=1.76 (-40.1%) Δ=0.167 (ΔΔ=+0.017) IV=0.1088 DTE=32
2025-07-28 15:27:10 [INFO] == 觸發警報 ==
2025-07-28 15:27:10 [INFO] [重複警報，已忽略] 💰 2025-07-28
spy_put_aug29 收益=52.1% 已達目標 50.0% (SE...
2025-07-28 15:27:10 [INFO] 所有警報今日均已發送過
2025-07-28 15:28:10 [INFO] [15:28:10] 開始檢查合約狀態
2025-07-28 15:28:10 [INFO] SPY Px=636.89
2025-07-28 15:28:10 [WARNING] spy_put_aug29 收益=52.3% 已達目標
2025-07-28 15:28:10 [INFO] spy_put_aug29: Px=2.03 (+52.3%) Δ=0.119 (ΔΔ=-0.081) IV=0.1844 DTE=32
2025-07-28 15:28:10 [INFO] spy_call_aug29: Px=1.76 (-40.1%) Δ=0.167 (ΔΔ=+0.017) IV=0.1088 DTE=32
2025-07-28 15:28:10 [INFO] == 觸發警報 ==
2025-07-28 15:28:10 [INFO] [重複警報，已忽略] 💰 2025-07-28
spy_put_aug29 收益=52.3% 已達目標 50.0% (SE...
2025-07-28 15:28:10 [INFO] 所有警報今日均已發送過
2025-07-28 15:29:10 [INFO] [15:29:10] 開始檢查合約狀態
2025-07-28 15:29:10 [INFO] SPY Px=636.94
2025-07-28 15:29:10 [WARNING] spy_put_aug29 收益=52.6% 已達目標
2025-07-28 15:29:10 [INFO] spy_put_aug29: Px=2.02 (+52.6%) Δ=0.118 (ΔΔ=-0.082) IV=0.1841 DTE=32
2025-07-28 15:29:10 [INFO] spy_call_aug29: Px=1.78 (-41.7%) Δ=0.163 (ΔΔ=+0.013) IV=0.1070 DTE=32
2025-07-28 15:29:10 [INFO] == 觸發警報 ==
2025-07-28 15:29:10 [INFO] [重複警報，已忽略] 💰 2025-07-28
spy_put_aug29 收益=52.6% 已達目標 50.0% (SE...
2025-07-28 15:29:10 [INFO] 所有警報今日均已發送過
2025-07-28 15:30:10 [INFO] [15:30:10] 開始檢查合約狀態
2025-07-28 15:30:10 [INFO] SPY Px=637.06
2025-07-28 15:30:10 [WARNING] spy_put_aug29 收益=52.6% 已達目標
2025-07-28 15:30:10 [INFO] spy_put_aug29: Px=2.02 (+52.6%) Δ=0.117 (ΔΔ=-0.083) IV=0.1841 DTE=32
2025-07-28 15:30:10 [INFO] spy_call_aug29: Px=1.78 (-41.7%) Δ=0.165 (ΔΔ=+0.015) IV=0.1070 DTE=32
2025-07-28 15:30:10 [INFO] == 觸發警報 ==
2025-07-28 15:30:10 [INFO] [重複警報，已忽略] 💰 2025-07-28
spy_put_aug29 收益=52.6% 已達目標 50.0% (SE...
2025-07-28 15:30:10 [INFO] 所有警報今日均已發送過
2025-07-28 15:31:10 [INFO] [15:31:10] 開始檢查合約狀態
2025-07-28 15:31:10 [INFO] SPY Px=637.00
2025-07-28 15:31:10 [WARNING] spy_put_aug29 收益=52.6% 已達目標
2025-07-28 15:31:10 [INFO] spy_put_aug29: Px=2.02 (+52.6%) Δ=0.118 (ΔΔ=-0.082) IV=0.1841 DTE=32
2025-07-28 15:31:10 [INFO] spy_call_aug29: Px=1.78 (-41.7%) Δ=0.164 (ΔΔ=+0.014) IV=0.1070 DTE=32
2025-07-28 15:31:10 [INFO] == 觸發警報 ==
2025-07-28 15:31:10 [INFO] [重複警報，已忽略] 💰 2025-07-28
spy_put_aug29 收益=52.6% 已達目標 50.0% (SE...
2025-07-28 15:31:10 [INFO] 所有警報今日均已發送過
2025-07-28 15:32:15 [INFO] [15:32:15] 開始檢查合約狀態
2025-07-28 15:32:15 [INFO] SPY Px=637.19
2025-07-28 15:32:15 [WARNING] spy_put_aug29 收益=53.1% 已達目標
2025-07-28 15:32:15 [INFO] spy_put_aug29: Px=2.00 (+53.1%) Δ=0.117 (ΔΔ=-0.083) IV=0.1841 DTE=32
2025-07-28 15:32:15 [INFO] spy_call_aug29: Px=1.78 (-41.7%) Δ=0.166 (ΔΔ=+0.016) IV=0.1070 DTE=32
2025-07-28 15:32:15 [INFO] == 觸發警報 ==
2025-07-28 15:32:15 [INFO] [重複警報，已忽略] 💰 2025-07-28
spy_put_aug29 收益=53.1% 已達目標 50.0% (SE...
2025-07-28 15:32:15 [INFO] 所有警報今日均已發送過
2025-07-28 15:33:15 [INFO] [15:33:15] 開始檢查合約狀態
2025-07-28 15:33:15 [INFO] SPY Px=637.17
2025-07-28 15:33:15 [WARNING] spy_put_aug29 收益=53.1% 已達目標
2025-07-28 15:33:15 [INFO] spy_put_aug29: Px=2.00 (+53.1%) Δ=0.116 (ΔΔ=-0.084) IV=0.1839 DTE=32
2025-07-28 15:33:15 [INFO] spy_call_aug29: Px=1.78 (-41.7%) Δ=0.166 (ΔΔ=+0.016) IV=0.1070 DTE=32
2025-07-28 15:33:15 [INFO] == 觸發警報 ==
2025-07-28 15:33:15 [INFO] [重複警報，已忽略] 💰 2025-07-28
spy_put_aug29 收益=53.1% 已達目標 50.0% (SE...
2025-07-28 15:33:15 [INFO] 所有警報今日均已發送過
2025-07-28 15:34:15 [INFO] [15:34:15] 開始檢查合約狀態
2025-07-28 15:34:15 [INFO] SPY Px=637.14
2025-07-28 15:34:15 [WARNING] spy_put_aug29 收益=53.1% 已達目標
2025-07-28 15:34:15 [INFO] spy_put_aug29: Px=2.00 (+53.1%) Δ=0.117 (ΔΔ=-0.083) IV=0.1839 DTE=32
2025-07-28 15:34:15 [INFO] spy_call_aug29: Px=1.78 (-41.7%) Δ=0.166 (ΔΔ=+0.016) IV=0.1070 DTE=32
2025-07-28 15:34:15 [INFO] == 觸發警報 ==
2025-07-28 15:34:15 [INFO] [重複警報，已忽略] 💰 2025-07-28
spy_put_aug29 收益=53.1% 已達目標 50.0% (SE...
2025-07-28 15:34:15 [INFO] 所有警報今日均已發送過
2025-07-28 15:35:15 [INFO] [15:35:15] 開始檢查合約狀態
2025-07-28 15:35:15 [INFO] SPY Px=637.23
2025-07-28 15:35:15 [WARNING] spy_put_aug29 收益=53.1% 已達目標
2025-07-28 15:35:15 [INFO] spy_put_aug29: Px=2.00 (+53.1%) Δ=0.116 (ΔΔ=-0.084) IV=0.1839 DTE=32
2025-07-28 15:35:15 [INFO] spy_call_aug29: Px=1.78 (-41.7%) Δ=0.167 (ΔΔ=+0.017) IV=0.1070 DTE=32
2025-07-28 15:35:15 [INFO] == 觸發警報 ==
2025-07-28 15:35:15 [INFO] [重複警報，已忽略] 💰 2025-07-28
spy_put_aug29 收益=53.1% 已達目標 50.0% (SE...
2025-07-28 15:35:15 [INFO] 所有警報今日均已發送過
2025-07-28 15:36:15 [INFO] [15:36:15] 開始檢查合約狀態
2025-07-28 15:36:15 [INFO] SPY Px=637.25
2025-07-28 15:36:15 [WARNING] spy_put_aug29 收益=53.8% 已達目標
2025-07-28 15:36:15 [INFO] spy_put_aug29: Px=1.97 (+53.8%) Δ=0.116 (ΔΔ=-0.084) IV=0.1839 DTE=32
2025-07-28 15:36:15 [INFO] spy_call_aug29: Px=1.78 (-41.7%) Δ=0.167 (ΔΔ=+0.017) IV=0.1070 DTE=32
2025-07-28 15:36:15 [INFO] == 觸發警報 ==
2025-07-28 15:36:15 [INFO] [重複警報，已忽略] 💰 2025-07-28
spy_put_aug29 收益=53.8% 已達目標 50.0% (SE...
2025-07-28 15:36:15 [INFO] 所有警報今日均已發送過
2025-07-28 15:37:20 [INFO] [15:37:20] 開始檢查合約狀態
2025-07-28 15:37:20 [INFO] SPY Px=637.31
2025-07-28 15:37:20 [WARNING] spy_put_aug29 收益=53.8% 已達目標
2025-07-28 15:37:20 [INFO] spy_put_aug29: Px=1.97 (+53.8%) Δ=0.115 (ΔΔ=-0.085) IV=0.1836 DTE=32
2025-07-28 15:37:20 [INFO] spy_call_aug29: Px=1.81 (-44.1%) Δ=0.168 (ΔΔ=+0.018) IV=0.1070 DTE=32
2025-07-28 15:37:20 [INFO] == 觸發警報 ==
2025-07-28 15:37:20 [INFO] [重複警報，已忽略] 💰 2025-07-28
spy_put_aug29 收益=53.8% 已達目標 50.0% (SE...
2025-07-28 15:37:20 [INFO] 所有警報今日均已發送過
2025-07-28 15:38:20 [INFO] [15:38:20] 開始檢查合約狀態
2025-07-28 15:38:20 [INFO] SPY Px=637.26
2025-07-28 15:38:20 [WARNING] spy_put_aug29 收益=53.8% 已達目標
2025-07-28 15:38:20 [INFO] spy_put_aug29: Px=1.97 (+53.8%) Δ=0.116 (ΔΔ=-0.084) IV=0.1836 DTE=32
2025-07-28 15:38:20 [INFO] spy_call_aug29: Px=1.81 (-44.1%) Δ=0.167 (ΔΔ=+0.017) IV=0.1070 DTE=32
2025-07-28 15:38:20 [INFO] == 觸發警報 ==
2025-07-28 15:38:20 [INFO] [重複警報，已忽略] 💰 2025-07-28
spy_put_aug29 收益=53.8% 已達目標 50.0% (SE...
2025-07-28 15:38:20 [INFO] 所有警報今日均已發送過
2025-07-28 15:39:20 [INFO] [15:39:20] 開始檢查合約狀態
2025-07-28 15:39:20 [INFO] SPY Px=637.29
2025-07-28 15:39:20 [WARNING] spy_put_aug29 收益=53.8% 已達目標
2025-07-28 15:39:20 [INFO] spy_put_aug29: Px=1.97 (+53.8%) Δ=0.115 (ΔΔ=-0.085) IV=0.1836 DTE=32
2025-07-28 15:39:20 [INFO] spy_call_aug29: Px=1.81 (-44.1%) Δ=0.165 (ΔΔ=+0.015) IV=0.1062 DTE=32
2025-07-28 15:39:20 [INFO] == 觸發警報 ==
2025-07-28 15:39:20 [INFO] [重複警報，已忽略] 💰 2025-07-28
spy_put_aug29 收益=53.8% 已達目標 50.0% (SE...
2025-07-28 15:39:20 [INFO] 所有警報今日均已發送過
2025-07-28 15:40:20 [INFO] [15:40:20] 開始檢查合約狀態
2025-07-28 15:40:20 [INFO] SPY Px=637.24
2025-07-28 15:40:20 [WARNING] spy_put_aug29 收益=54.0% 已達目標
2025-07-28 15:40:20 [INFO] spy_put_aug29: Px=1.96 (+54.0%) Δ=0.116 (ΔΔ=-0.084) IV=0.1836 DTE=32
2025-07-28 15:40:20 [INFO] spy_call_aug29: Px=1.81 (-44.1%) Δ=0.165 (ΔΔ=+0.015) IV=0.1062 DTE=32
2025-07-28 15:40:20 [INFO] == 觸發警報 ==
2025-07-28 15:40:20 [INFO] [重複警報，已忽略] 💰 2025-07-28
spy_put_aug29 收益=54.0% 已達目標 50.0% (SE...
2025-07-28 15:40:20 [INFO] 所有警報今日均已發送過
2025-07-28 15:41:20 [INFO] [15:41:20] 開始檢查合約狀態
2025-07-28 15:41:20 [INFO] SPY Px=637.19
2025-07-28 15:41:20 [WARNING] spy_put_aug29 收益=54.0% 已達目標
2025-07-28 15:41:20 [INFO] spy_put_aug29: Px=1.96 (+54.0%) Δ=0.116 (ΔΔ=-0.084) IV=0.1834 DTE=32
2025-07-28 15:41:20 [INFO] spy_call_aug29: Px=1.80 (-43.3%) Δ=0.164 (ΔΔ=+0.014) IV=0.1062 DTE=32
2025-07-28 15:41:20 [INFO] == 觸發警報 ==
2025-07-28 15:41:20 [INFO] [重複警報，已忽略] 💰 2025-07-28
spy_put_aug29 收益=54.0% 已達目標 50.0% (SE...
2025-07-28 15:41:20 [INFO] 所有警報今日均已發送過
2025-07-28 15:42:26 [INFO] [15:42:26] 開始檢查合約狀態
2025-07-28 15:42:26 [INFO] SPY Px=637.27
2025-07-28 15:42:26 [WARNING] spy_put_aug29 收益=54.0% 已達目標
2025-07-28 15:42:26 [INFO] spy_put_aug29: Px=1.96 (+54.0%) Δ=0.115 (ΔΔ=-0.085) IV=0.1835 DTE=32
2025-07-28 15:42:26 [INFO] spy_call_aug29: Px=1.80 (-43.3%) Δ=0.165 (ΔΔ=+0.015) IV=0.1059 DTE=32
2025-07-28 15:42:26 [INFO] == 觸發警報 ==
2025-07-28 15:42:26 [INFO] [重複警報，已忽略] 💰 2025-07-28
spy_put_aug29 收益=54.0% 已達目標 50.0% (SE...
2025-07-28 15:42:26 [INFO] 所有警報今日均已發送過
2025-07-28 15:43:26 [INFO] [15:43:26] 開始檢查合約狀態
2025-07-28 15:43:26 [INFO] SPY Px=637.25
2025-07-28 15:43:26 [WARNING] spy_put_aug29 收益=54.0% 已達目標
2025-07-28 15:43:26 [INFO] spy_put_aug29: Px=1.96 (+54.0%) Δ=0.115 (ΔΔ=-0.085) IV=0.1834 DTE=32
2025-07-28 15:43:26 [INFO] spy_call_aug29: Px=1.80 (-43.3%) Δ=0.165 (ΔΔ=+0.015) IV=0.1063 DTE=32
2025-07-28 15:43:26 [INFO] == 觸發警報 ==
2025-07-28 15:43:26 [INFO] [重複警報，已忽略] 💰 2025-07-28
spy_put_aug29 收益=54.0% 已達目標 50.0% (SE...
2025-07-28 15:43:26 [INFO] 所有警報今日均已發送過
2025-07-28 15:44:26 [INFO] [15:44:26] 開始檢查合約狀態
2025-07-28 15:44:26 [INFO] SPY Px=637.24
2025-07-28 15:44:26 [WARNING] spy_put_aug29 收益=54.0% 已達目標
2025-07-28 15:44:26 [INFO] spy_put_aug29: Px=1.96 (+54.0%) Δ=0.115 (ΔΔ=-0.085) IV=0.1834 DTE=32
2025-07-28 15:44:26 [INFO] spy_call_aug29: Px=1.80 (-43.3%) Δ=0.165 (ΔΔ=+0.015) IV=0.1063 DTE=32
2025-07-28 15:44:26 [INFO] == 觸發警報 ==
2025-07-28 15:44:26 [INFO] [重複警報，已忽略] 💰 2025-07-28
spy_put_aug29 收益=54.0% 已達目標 50.0% (SE...
2025-07-28 15:44:26 [INFO] 所有警報今日均已發送過
2025-07-28 15:45:26 [INFO] [15:45:26] 開始檢查合約狀態
2025-07-28 15:45:26 [INFO] SPY Px=637.29
2025-07-28 15:45:26 [WARNING] spy_put_aug29 收益=54.0% 已達目標
2025-07-28 15:45:26 [INFO] spy_put_aug29: Px=1.96 (+54.0%) Δ=0.115 (ΔΔ=-0.085) IV=0.1834 DTE=32
2025-07-28 15:45:26 [INFO] spy_call_aug29: Px=1.80 (-43.3%) Δ=0.166 (ΔΔ=+0.016) IV=0.1063 DTE=32
2025-07-28 15:45:26 [INFO] == 觸發警報 ==
2025-07-28 15:45:26 [INFO] [重複警報，已忽略] 💰 2025-07-28
spy_put_aug29 收益=54.0% 已達目標 50.0% (SE...
2025-07-28 15:45:26 [INFO] 所有警報今日均已發送過
2025-07-28 15:46:26 [INFO] [15:46:26] 開始檢查合約狀態
2025-07-28 15:46:26 [INFO] SPY Px=637.29
2025-07-28 15:46:26 [WARNING] spy_put_aug29 收益=54.0% 已達目標
2025-07-28 15:46:26 [INFO] spy_put_aug29: Px=1.96 (+54.0%) Δ=0.115 (ΔΔ=-0.085) IV=0.1834 DTE=32
2025-07-28 15:46:26 [INFO] spy_call_aug29: Px=1.80 (-43.3%) Δ=0.166 (ΔΔ=+0.016) IV=0.1063 DTE=32
2025-07-28 15:46:26 [INFO] == 觸發警報 ==
2025-07-28 15:46:26 [INFO] [重複警報，已忽略] 💰 2025-07-28
spy_put_aug29 收益=54.0% 已達目標 50.0% (SE...
2025-07-28 15:46:26 [INFO] 所有警報今日均已發送過
2025-07-28 15:47:41 [WARNING] 無法獲取伺服器時間
2025-07-28 15:48:12 [INFO] 市場已休市，下次開盤時間: 2025-07-29 09:30:00 EDT
2025-07-28 15:53:28 [WARNING] 無法獲取伺服器時間
2025-07-28 15:59:15 [WARNING] 無法獲取伺服器時間
2025-07-28 16:05:02 [WARNING] 無法獲取伺服器時間
2025-07-28 16:10:48 [WARNING] 無法獲取伺服器時間
2025-07-28 16:16:35 [WARNING] 無法獲取伺服器時間
2025-07-28 16:22:22 [WARNING] 無法獲取伺服器時間
2025-07-28 16:28:09 [WARNING] 無法獲取伺服器時間
2025-07-28 16:33:56 [WARNING] 無法獲取伺服器時間
2025-07-28 16:39:42 [WARNING] 無法獲取伺服器時間
2025-07-28 16:45:29 [WARNING] 無法獲取伺服器時間
2025-07-28 16:51:16 [WARNING] 無法獲取伺服器時間
2025-07-28 16:57:03 [WARNING] 無法獲取伺服器時間
2025-07-28 17:02:50 [WARNING] 無法獲取伺服器時間
2025-07-28 17:08:37 [WARNING] 無法獲取伺服器時間
2025-07-28 17:14:23 [WARNING] 無法獲取伺服器時間
2025-07-28 17:20:10 [WARNING] 無法獲取伺服器時間
2025-07-28 17:25:57 [WARNING] 無法獲取伺服器時間
2025-07-28 17:31:44 [WARNING] 無法獲取伺服器時間
2025-07-28 17:37:31 [WARNING] 無法獲取伺服器時間
2025-07-28 17:43:17 [WARNING] 無法獲取伺服器時間
2025-07-28 17:49:04 [WARNING] 無法獲取伺服器時間
2025-07-28 17:54:51 [WARNING] 無法獲取伺服器時間
2025-07-28 18:00:38 [WARNING] 無法獲取伺服器時間
2025-07-28 18:06:25 [WARNING] 無法獲取伺服器時間
2025-07-28 18:12:11 [WARNING] 無法獲取伺服器時間
2025-07-28 18:17:58 [WARNING] 無法獲取伺服器時間
2025-07-28 18:23:45 [WARNING] 無法獲取伺服器時間
2025-07-28 18:29:32 [WARNING] 無法獲取伺服器時間
2025-07-28 18:35:19 [WARNING] 無法獲取伺服器時間
2025-07-28 18:41:05 [WARNING] 無法獲取伺服器時間
2025-07-28 18:46:52 [WARNING] 無法獲取伺服器時間
2025-07-28 18:52:39 [WARNING] 無法獲取伺服器時間
2025-07-28 18:58:26 [WARNING] 無法獲取伺服器時間
2025-07-28 19:04:13 [WARNING] 無法獲取伺服器時間
2025-07-28 19:09:59 [WARNING] 無法獲取伺服器時間
2025-07-28 19:15:46 [WARNING] 無法獲取伺服器時間
2025-07-28 19:21:33 [WARNING] 無法獲取伺服器時間
2025-07-28 19:27:20 [WARNING] 無法獲取伺服器時間
2025-07-28 19:33:07 [WARNING] 無法獲取伺服器時間
2025-07-28 19:38:54 [WARNING] 無法獲取伺服器時間
2025-07-28 19:44:40 [WARNING] 無法獲取伺服器時間
2025-07-28 19:50:27 [WARNING] 無法獲取伺服器時間
2025-07-28 19:56:14 [WARNING] 無法獲取伺服器時間
2025-07-28 20:02:01 [WARNING] 無法獲取伺服器時間
2025-07-28 20:07:48 [WARNING] 無法獲取伺服器時間
2025-07-28 20:13:34 [WARNING] 無法獲取伺服器時間
2025-07-28 20:19:21 [WARNING] 無法獲取伺服器時間
2025-07-28 20:25:08 [WARNING] 無法獲取伺服器時間
2025-07-28 20:30:55 [WARNING] 無法獲取伺服器時間
2025-07-28 20:36:42 [WARNING] 無法獲取伺服器時間
2025-07-28 20:42:28 [WARNING] 無法獲取伺服器時間
2025-07-28 20:48:15 [WARNING] 無法獲取伺服器時間
2025-07-28 20:54:02 [WARNING] 無法獲取伺服器時間
2025-07-28 20:59:49 [WARNING] 無法獲取伺服器時間
2025-07-28 21:05:36 [WARNING] 無法獲取伺服器時間
2025-07-28 21:11:22 [WARNING] 無法獲取伺服器時間
2025-07-28 21:17:09 [WARNING] 無法獲取伺服器時間
2025-07-28 21:22:56 [WARNING] 無法獲取伺服器時間
2025-07-28 21:28:43 [WARNING] 無法獲取伺服器時間
2025-07-28 21:34:30 [WARNING] 無法獲取伺服器時間
2025-07-28 21:40:16 [WARNING] 無法獲取伺服器時間
2025-07-28 21:46:03 [WARNING] 無法獲取伺服器時間
2025-07-28 21:51:50 [WARNING] 無法獲取伺服器時間
2025-07-28 21:57:37 [WARNING] 無法獲取伺服器時間
2025-07-28 22:03:24 [WARNING] 無法獲取伺服器時間
2025-07-28 22:09:11 [WARNING] 無法獲取伺服器時間
2025-07-28 22:14:57 [WARNING] 無法獲取伺服器時間
2025-07-28 22:20:44 [WARNING] 無法獲取伺服器時間
2025-07-28 22:26:31 [WARNING] 無法獲取伺服器時間
2025-07-28 22:32:18 [WARNING] 無法獲取伺服器時間
2025-07-28 22:38:05 [WARNING] 無法獲取伺服器時間
2025-07-28 22:43:51 [WARNING] 無法獲取伺服器時間
2025-07-28 22:49:38 [WARNING] 無法獲取伺服器時間
2025-07-28 22:55:25 [WARNING] 無法獲取伺服器時間
2025-07-28 23:01:12 [WARNING] 無法獲取伺服器時間
2025-07-28 23:06:59 [WARNING] 無法獲取伺服器時間
2025-07-28 23:12:45 [WARNING] 無法獲取伺服器時間
2025-07-28 23:18:32 [WARNING] 無法獲取伺服器時間
2025-07-28 23:24:19 [WARNING] 無法獲取伺服器時間
2025-07-28 23:30:06 [WARNING] 無法獲取伺服器時間
2025-07-28 23:35:53 [WARNING] 無法獲取伺服器時間
2025-07-28 23:41:39 [WARNING] 無法獲取伺服器時間
2025-07-28 23:47:26 [WARNING] 無法獲取伺服器時間
2025-07-28 23:53:13 [WARNING] 無法獲取伺服器時間
2025-07-28 23:59:00 [WARNING] 無法獲取伺服器時間
2025-07-29 00:04:47 [WARNING] 無法獲取伺服器時間
2025-07-29 00:10:34 [WARNING] 無法獲取伺服器時間
2025-07-29 00:16:20 [WARNING] 無法獲取伺服器時間
2025-07-29 00:22:07 [WARNING] 無法獲取伺服器時間
2025-07-29 00:27:54 [WARNING] 無法獲取伺服器時間
2025-07-29 00:33:41 [WARNING] 無法獲取伺服器時間
2025-07-29 00:39:28 [WARNING] 無法獲取伺服器時間
2025-07-29 00:45:14 [WARNING] 無法獲取伺服器時間
2025-07-29 00:51:01 [WARNING] 無法獲取伺服器時間
2025-07-29 00:56:48 [WARNING] 無法獲取伺服器時間
2025-07-29 01:02:35 [WARNING] 無法獲取伺服器時間
2025-07-29 01:08:22 [WARNING] 無法獲取伺服器時間
2025-07-29 01:14:08 [WARNING] 無法獲取伺服器時間
2025-07-29 01:19:55 [WARNING] 無法獲取伺服器時間
2025-07-29 01:25:42 [WARNING] 無法獲取伺服器時間
2025-07-29 01:31:29 [WARNING] 無法獲取伺服器時間
2025-07-29 01:37:16 [WARNING] 無法獲取伺服器時間
2025-07-29 01:43:02 [WARNING] 無法獲取伺服器時間
2025-07-29 01:48:49 [WARNING] 無法獲取伺服器時間
2025-07-29 01:54:36 [WARNING] 無法獲取伺服器時間
2025-07-29 02:00:23 [WARNING] 無法獲取伺服器時間
2025-07-29 02:06:10 [WARNING] 無法獲取伺服器時間
2025-07-29 02:11:56 [WARNING] 無法獲取伺服器時間
